Using pre-set license
Built from '2020.3/staging' branch; Version is '2020.3.24f1 (79c78de19888) revision 7980941'; Using compiler version '192528614'; Build Type 'Release'
OS: 'Windows 11  (10.0.22000) 64bit Core' Language: 'en' Physical Memory: 8078 MB
BatchMode: 1, IsHumanControllingUs: 0, StartBugReporterOnCrash: 0, Is64bit: 1, IsPro: 0

COMMAND LINE ARGUMENTS:
C:\Program Files\Unity\Hub\Editor\2020.3.24f1\Editor\Unity.exe
-adb2
-batchMode
-noUpm
-name
AssetImportWorker0
-projectPath
C:/Users/royns/OneDrive - Imperial College London/Year 3/Y3-Group-Project/Unity_Projects/Modelling/Random walk
-logFile
Logs/AssetImportWorker0.log
-srvPort
50594
Successfully changed project path to: C:/Users/royns/OneDrive - Imperial College London/Year 3/Y3-Group-Project/Unity_Projects/Modelling/Random walk
C:/Users/royns/OneDrive - Imperial College London/Year 3/Y3-Group-Project/Unity_Projects/Modelling/Random walk
Using Asset Import Pipeline V2.
Refreshing native plugins compatible for Editor in 55.74 ms, found 2 plugins.
Preloading 0 native plugins for Editor in 0.00 ms.
Initialize engine version: 2020.3.24f1 (79c78de19888)
[Subsystems] Discovering subsystems at path C:/Program Files/Unity/Hub/Editor/2020.3.24f1/Editor/Data/Resources/UnitySubsystems
[Subsystems] Discovering subsystems at path C:/Users/royns/OneDrive - Imperial College London/Year 3/Y3-Group-Project/Unity_Projects/Modelling/Random walk/Assets
GfxDevice: creating device client; threaded=0
Direct3D:
    Version:  Direct3D 11.0 [level 11.1]
    Renderer: Intel(R) UHD Graphics 620 (ID=0x3ea0)
    Vendor:   
    VRAM:     4039 MB
    Driver:   27.20.100.8853
Initialize mono
Mono path[0] = 'C:/Program Files/Unity/Hub/Editor/2020.3.24f1/Editor/Data/Managed'
Mono path[1] = 'C:/Program Files/Unity/Hub/Editor/2020.3.24f1/Editor/Data/MonoBleedingEdge/lib/mono/unityjit'
Mono config path = 'C:/Program Files/Unity/Hub/Editor/2020.3.24f1/Editor/Data/MonoBleedingEdge/etc'
Using monoOptions --debugger-agent=transport=dt_socket,embedding=1,server=y,suspend=n,address=127.0.0.1:56176
Begin MonoManager ReloadAssembly
Registering precompiled unity dll's ...
Register platform support module: C:/Program Files/Unity/Hub/Editor/2020.3.24f1/Editor/Data/PlaybackEngines/WindowsStandaloneSupport/UnityEditor.WindowsStandalone.Extensions.dll
Registered in 0.001319 seconds.
Native extension for WindowsStandalone target not found
Refreshing native plugins compatible for Editor in 37.78 ms, found 2 plugins.
Preloading 0 native plugins for Editor in 0.00 ms.
Mono: successfully reloaded assembly
- Completed reload, in  0.624 seconds
Domain Reload Profiling:
	ReloadAssembly (625ms)
		BeginReloadAssembly (53ms)
			ExecutionOrderSort (0ms)
			DisableScriptedObjects (0ms)
			BackupInstance (0ms)
			ReleaseScriptingObjects (0ms)
			CreateAndSetChildDomain (1ms)
		EndReloadAssembly (493ms)
			LoadAssemblies (51ms)
			RebuildTransferFunctionScriptingTraits (0ms)
			SetupTypeCache (158ms)
			ReleaseScriptCaches (0ms)
			RebuildScriptCaches (34ms)
			SetupLoadedEditorAssemblies (195ms)
				LogAssemblyErrors (0ms)
				InitializePlatformSupportModulesInManaged (4ms)
				SetLoadedEditorAssemblies (0ms)
				RefreshPlugins (38ms)
				BeforeProcessingInitializeOnLoad (13ms)
				ProcessInitializeOnLoadAttributes (103ms)
				ProcessInitializeOnLoadMethodAttributes (37ms)
				AfterProcessingInitializeOnLoad (0ms)
				EditorAssembliesLoaded (0ms)
			ExecutionOrderSort2 (0ms)
			AwakeInstancesAfterBackupRestoration (0ms)
Platform modules already initialized, skipping
Registering precompiled user dll's ...
Registered in 0.005491 seconds.
Begin MonoManager ReloadAssembly
Native extension for WindowsStandalone target not found
Refreshing native plugins compatible for Editor in 0.39 ms, found 2 plugins.
Preloading 0 native plugins for Editor in 0.00 ms.
Mono: successfully reloaded assembly
- Completed reload, in  1.218 seconds
Domain Reload Profiling:
	ReloadAssembly (1219ms)
		BeginReloadAssembly (171ms)
			ExecutionOrderSort (0ms)
			DisableScriptedObjects (5ms)
			BackupInstance (0ms)
			ReleaseScriptingObjects (0ms)
			CreateAndSetChildDomain (19ms)
		EndReloadAssembly (976ms)
			LoadAssemblies (100ms)
			RebuildTransferFunctionScriptingTraits (0ms)
			SetupTypeCache (323ms)
			ReleaseScriptCaches (0ms)
			RebuildScriptCaches (56ms)
			SetupLoadedEditorAssemblies (400ms)
				LogAssemblyErrors (0ms)
				InitializePlatformSupportModulesInManaged (5ms)
				SetLoadedEditorAssemblies (1ms)
				RefreshPlugins (0ms)
				BeforeProcessingInitializeOnLoad (64ms)
				ProcessInitializeOnLoadAttributes (314ms)
				ProcessInitializeOnLoadMethodAttributes (10ms)
				AfterProcessingInitializeOnLoad (5ms)
				EditorAssembliesLoaded (0ms)
			ExecutionOrderSort2 (0ms)
			AwakeInstancesAfterBackupRestoration (8ms)
Platform modules already initialized, skipping
========================================================================
Worker process is ready to serve import requests
Launched and connected shader compiler UnityShaderCompiler.exe after 0.08 seconds
Refreshing native plugins compatible for Editor in 0.90 ms, found 2 plugins.
Preloading 0 native plugins for Editor in 0.00 ms.
Unloading 1502 Unused Serialized files (Serialized files now loaded: 0)
System memory in use before: 68.8 MB.
System memory in use after: 68.9 MB.

Unloading 19 unused Assets to reduce memory usage. Loaded Objects now: 1940.
Total: 7.877800 ms (FindLiveObjects: 0.441100 ms CreateObjectMapping: 0.184600 ms MarkObjects: 7.081200 ms  DeleteObjects: 0.168200 ms)

AssetImportParameters requested are different than current active one (requested -> active):
  custom:framework-win-MediaFoundation: 216162199b28c13a410421893ffa2e32 -> 
  custom:video-decoder-ogg-theora: a1e56fd34408186e4bbccfd4996cb3dc -> 
  custom:container-muxer-webm: aa71ff27fc2769a1b78a27578f13a17b -> 
  custom:container-demuxer-webm: 4f35f7cbe854078d1ac9338744f61a02 -> 
  custom:container-demuxer-ogg: 62fdf1f143b41e24485cea50d1cbac27 -> 
  custom:video-encoder-webm-vp8: eb34c28f22e8b96e1ab97ce403110664 -> 
  custom:video-decoder-webm-vp8: 9c59270c3fd7afecdb556c50c9e8de78 -> 
  custom:audio-decoder-ogg-vorbis: bf7c407c2cedff20999df2af8eb42d56 -> 
  custom:audio-encoder-webm-vorbis: bf7c407c2cedff20999df2af8eb42d56 -> 
========================================================================
Received Import Request.
  path: Assets/Scripts/wander.cs
  artifactKey: Guid(7a83e9d37dd983a4e9caaee9ec2e1902) Importer(815301076,1909f56bfc062723c751e8b465ee728b)
Start importing Assets/Scripts/wander.cs using Guid(7a83e9d37dd983a4e9caaee9ec2e1902) Importer(815301076,1909f56bfc062723c751e8b465ee728b)  -> (artifact id: '300d065f867cf822179bc0db24c04513') in 0.115239 seconds 
  Import took 0.122974 seconds .

========================================================================
Received Import Request.
  Time since last request: 61.351497 seconds.
  path: Assets/Scripts/wander.cs
  artifactKey: Guid(7a83e9d37dd983a4e9caaee9ec2e1902) Importer(815301076,1909f56bfc062723c751e8b465ee728b)
Start importing Assets/Scripts/wander.cs using Guid(7a83e9d37dd983a4e9caaee9ec2e1902) Importer(815301076,1909f56bfc062723c751e8b465ee728b)  -> (artifact id: '6e592a12e097a2887f52ed60b6bae663') in 0.008236 seconds 
  Import took 0.015930 seconds .

========================================================================
Received Import Request.
  Time since last request: 512.548541 seconds.
  path: Assets/Scripts/wander.cs
  artifactKey: Guid(7a83e9d37dd983a4e9caaee9ec2e1902) Importer(815301076,1909f56bfc062723c751e8b465ee728b)
Start importing Assets/Scripts/wander.cs using Guid(7a83e9d37dd983a4e9caaee9ec2e1902) Importer(815301076,1909f56bfc062723c751e8b465ee728b)  -> (artifact id: '56d7d7af4d6e7ec02c0ac2ed9c179a2d') in 0.008094 seconds 
  Import took 0.017310 seconds .

========================================================================
Received Import Request.
  Time since last request: 9.254940 seconds.
  path: Assets/Prefabs/Sphere.prefab
  artifactKey: Guid(5c93bda84ab3e4c479791a926030e85d) Importer(815301076,1909f56bfc062723c751e8b465ee728b)
Start importing Assets/Prefabs/Sphere.prefab using Guid(5c93bda84ab3e4c479791a926030e85d) Importer(815301076,1909f56bfc062723c751e8b465ee728b)  -> (artifact id: '8a7888fd0eebab943e847d51549e6f9d') in 0.132252 seconds 
  Import took 0.136381 seconds .

AssetImportWorkerClient::OnTransportError - code=2 error=End of file
