JvmtiExport can_access_local_variables 0
JvmtiExport can_hotswap_or_post_breakpoint 0
JvmtiExport can_post_on_exceptions 0
# 358 ciObject found
instanceKlass org/apache/axis2/util/threadpool/ThreadFactory
instanceKlass sun/security/mscapi/SunMSCAPI$1
instanceKlass sun/security/smartcardio/SunPCSC$1
instanceKlass org/jcp/xml/dsig/internal/dom/XMLDSigRI$1
instanceKlass com/sun/security/sasl/Provider$1
instanceKlass sun/security/jgss/SunProvider$1
instanceKlass org/apache/axis2/util/Utils
instanceKlass com/sun/crypto/provider/SunJCE$1
instanceKlass sun/security/ssl/SignatureAndHashAlgorithm
instanceKlass sun/security/ssl/SessionId
instanceKlass javax/net/ssl/ExtendedSSLSession
instanceKlass javax/net/ssl/SSLSession
instanceKlass javax/net/ssl/SSLEngine
instanceKlass org/apache/http/nio/reactor/ssl/SSLIOSession$InternalByteChannel
instanceKlass org/apache/http/nio/reactor/ssl/SSLBuffer
instanceKlass org/apache/http/nio/reactor/ssl/PermanentSSLBufferManagementStrategy
instanceKlass org/apache/http/nio/conn/ssl/SSLIOSessionStrategy$1
instanceKlass org/apache/http/nio/reactor/ssl/SSLBufferManagementStrategy
instanceKlass org/apache/http/nio/reactor/ssl/SSLIOSession
instanceKlass org/apache/http/conn/routing/RouteTracker
instanceKlass org/apache/http/nio/protocol/Pipelined
instanceKlass org/apache/http/nio/protocol/HttpAsyncRequestExecutor$State
instanceKlass org/apache/http/impl/nio/conn/CPoolProxy
instanceKlass org/apache/http/impl/nio/codecs/AbstractMessageParser
instanceKlass org/apache/http/impl/nio/codecs/AbstractMessageWriter
instanceKlass org/apache/http/impl/nio/SessionHttpContext
instanceKlass org/apache/http/impl/entity/StrictContentLengthStrategy
instanceKlass org/apache/http/impl/entity/LaxContentLengthStrategy
instanceKlass org/apache/http/impl/HttpConnectionMetricsImpl
instanceKlass org/apache/http/impl/io/HttpTransportMetricsImpl
instanceKlass org/apache/http/config/MessageConstraints$Builder
instanceKlass org/apache/http/config/MessageConstraints
instanceKlass org/apache/http/nio/util/ExpandableBuffer
instanceKlass org/apache/http/nio/util/BufferInfo
instanceKlass org/apache/http/io/BufferInfo
instanceKlass org/apache/http/nio/ContentEncoder
instanceKlass org/apache/http/nio/ContentDecoder
instanceKlass org/apache/http/nio/reactor/SessionOutputBuffer
instanceKlass org/apache/http/nio/reactor/SessionInputBuffer
instanceKlass org/apache/http/HttpConnectionMetrics
instanceKlass org/apache/http/entity/ContentLengthStrategy
instanceKlass org/apache/http/io/HttpTransportMetrics
instanceKlass org/apache/http/config/ConnectionConfig$Builder
instanceKlass org/apache/http/config/ConnectionConfig
instanceKlass org/apache/http/impl/nio/reactor/IOSessionImpl
instanceKlass org/apache/http/impl/nio/reactor/AbstractIOReactor$1
instanceKlass org/apache/http/impl/nio/reactor/ChannelEntry
instanceKlass sun/nio/ch/WindowsSelectorImpl$MapEntry
instanceKlass org/apache/http/impl/nio/reactor/SessionRequestHandle
instanceKlass org/apache/http/impl/nio/reactor/SessionRequestImpl
instanceKlass org/apache/http/util/LangUtils
instanceKlass org/apache/http/nio/pool/LeaseRequest
instanceKlass org/apache/http/impl/nio/conn/PoolingNHttpClientConnectionManager$InternalPoolEntryCallback
instanceKlass org/apache/http/impl/nio/client/AbstractClientExchangeHandler$1
instanceKlass org/apache/http/impl/cookie/DefaultCookieSpec
instanceKlass org/apache/http/impl/cookie/BasicDomainHandler
instanceKlass org/apache/http/impl/cookie/RFC2109DomainHandler
instanceKlass org/apache/http/impl/cookie/RFC2965DiscardAttributeHandler
instanceKlass org/apache/http/impl/cookie/RFC2965CommentUrlAttributeHandler
instanceKlass org/apache/http/impl/cookie/AbstractCookieAttributeHandler
instanceKlass org/apache/http/impl/cookie/RFC2965PortAttributeHandler
instanceKlass org/apache/http/impl/cookie/PublicSuffixDomainFilter
instanceKlass org/apache/http/impl/cookie/RFC2965DomainAttributeHandler
instanceKlass org/apache/http/impl/cookie/RFC2965VersionAttributeHandler
instanceKlass org/apache/http/cookie/SetCookie
instanceKlass org/apache/http/cookie/Cookie
instanceKlass org/apache/http/impl/cookie/AbstractCookieSpec
instanceKlass org/apache/http/cookie/CookieOrigin
instanceKlass java/nio/channels/spi/AbstractSelector$1
instanceKlass org/apache/http/client/utils/URIBuilder
instanceKlass org/apache/http/conn/routing/HttpRoute
instanceKlass org/apache/http/message/BasicRequestLine
instanceKlass org/apache/http/params/HttpProtocolParams
instanceKlass org/apache/http/params/CoreProtocolPNames
instanceKlass org/apache/http/impl/nio/client/InternalState
instanceKlass org/apache/http/impl/nio/client/AbstractClientExchangeHandler
instanceKlass org/apache/http/nio/protocol/HttpAsyncClientExchangeHandler
instanceKlass org/apache/http/auth/AuthState
instanceKlass org/apache/http/concurrent/BasicFuture
instanceKlass org/apache/http/nio/util/ContentInputBuffer
instanceKlass org/apache/http/nio/protocol/AbstractAsyncResponseConsumer
instanceKlass org/apache/http/nio/entity/EntityAsyncContentProducer
instanceKlass org/apache/http/nio/protocol/BasicAsyncRequestProducer
instanceKlass org/apache/http/nio/entity/HttpAsyncContentProducer
instanceKlass org/apache/http/nio/protocol/HttpAsyncResponseConsumer
instanceKlass org/apache/http/nio/protocol/HttpAsyncRequestProducer
instanceKlass org/apache/http/nio/client/methods/HttpAsyncMethods
instanceKlass org/apache/http/impl/nio/reactor/InterestOpsCallback
instanceKlass org/apache/http/HttpHost
instanceKlass org/apache/http/client/utils/URIUtils
instanceKlass org/apache/http/protocol/BasicHttpContext
instanceKlass org/apache/http/protocol/HttpCoreContext
instanceKlass com/mathworks/eps/notificationclient/impl/results/AbstractResult
instanceKlass org/apache/http/impl/nio/reactor/SessionClosedCallback
instanceKlass com/mathworks/eps/notificationclient/api/faults/MessageFault
instanceKlass com/mathworks/eps/notificationclient/api/results/SubscribeResult
instanceKlass org/apache/http/util/Asserts
instanceKlass com/mathworks/eps/notificationclient/api/results/Result
instanceKlass com/mathworks/eps/notificationclient/impl/results/ResultTypeFactory
instanceKlass org/apache/http/impl/nio/reactor/AbstractIODispatch
instanceKlass com/mathworks/eps/notificationclient/impl/NotificationCallback
instanceKlass org/apache/http/nio/reactor/IOEventDispatch
instanceKlass org/apache/http/impl/nio/client/CloseableHttpAsyncClientBase$1
instanceKlass org/apache/http/ExceptionLogger$2
instanceKlass org/apache/http/ExceptionLogger$1
instanceKlass org/apache/http/ExceptionLogger
instanceKlass org/apache/http/nio/protocol/HttpAsyncRequestExecutor
instanceKlass org/apache/http/impl/auth/HttpAuthenticator
instanceKlass org/apache/http/conn/routing/BasicRouteDirector
instanceKlass org/apache/http/conn/routing/RouteInfo
instanceKlass org/apache/http/conn/routing/HttpRouteDirector
instanceKlass org/apache/http/impl/nio/client/MainClientExec
instanceKlass org/apache/http/client/config/RequestConfig$Builder
instanceKlass org/apache/http/client/config/RequestConfig
instanceKlass org/apache/http/impl/client/DefaultRedirectStrategy
instanceKlass org/apache/http/impl/client/BasicCredentialsProvider
instanceKlass org/apache/http/cookie/CookieIdentityComparator
instanceKlass org/apache/http/impl/client/BasicCookieStore
instanceKlass org/apache/http/impl/cookie/IgnoreSpecProvider
instanceKlass org/apache/http/impl/cookie/NetscapeDraftSpecProvider
instanceKlass org/apache/http/impl/cookie/RFC6265CookieSpecProvider
instanceKlass org/apache/http/cookie/CookieSpec
instanceKlass org/apache/http/impl/cookie/BasicPathHandler
instanceKlass org/apache/http/cookie/CommonCookieAttributeHandler
instanceKlass org/apache/http/cookie/CookieAttributeHandler
instanceKlass org/apache/http/impl/cookie/DefaultCookieSpecProvider
instanceKlass org/apache/http/cookie/CookieSpecProvider
instanceKlass org/apache/http/impl/auth/KerberosSchemeFactory
instanceKlass org/apache/http/impl/auth/SPNegoSchemeFactory
instanceKlass org/apache/http/impl/auth/NTLMSchemeFactory
instanceKlass org/apache/http/impl/auth/DigestSchemeFactory
instanceKlass org/apache/http/auth/AuthScheme
instanceKlass org/apache/http/impl/auth/BasicSchemeFactory
instanceKlass org/apache/http/auth/AuthSchemeProvider
instanceKlass org/apache/http/auth/AuthSchemeFactory
instanceKlass org/apache/http/impl/conn/DefaultRoutePlanner
instanceKlass org/apache/http/protocol/ImmutableHttpProcessor
instanceKlass org/apache/http/client/protocol/ResponseProcessCookies
instanceKlass org/apache/http/client/protocol/RequestAuthCache
instanceKlass org/apache/http/protocol/HttpContext
instanceKlass org/apache/http/client/protocol/RequestAddCookies
instanceKlass org/apache/http/protocol/ChainBuilder
instanceKlass org/apache/http/client/protocol/RequestExpectContinue
instanceKlass org/apache/http/protocol/RequestUserAgent
instanceKlass org/apache/http/client/protocol/RequestClientConnControl
instanceKlass org/apache/http/protocol/RequestTargetHost
instanceKlass org/apache/http/protocol/RequestContent
instanceKlass org/apache/http/client/protocol/RequestDefaultHeaders
instanceKlass org/apache/http/protocol/HttpProcessor
instanceKlass org/apache/http/protocol/HttpProcessorBuilder
instanceKlass org/apache/http/util/VersionInfo
instanceKlass org/apache/http/impl/nio/client/DefaultAsyncUserTokenHandler
instanceKlass com/mathworks/widgets/desk/RecentFiles$Tool
instanceKlass org/apache/http/client/AuthCache
instanceKlass org/apache/http/impl/client/AuthenticationStrategyImpl
instanceKlass org/apache/http/HeaderElementIterator
instanceKlass org/apache/http/impl/client/DefaultConnectionKeepAliveStrategy
instanceKlass org/apache/http/TokenIterator
instanceKlass org/apache/http/impl/DefaultConnectionReuseStrategy
instanceKlass com/mathworks/toolbox/slproject/project/GUI/canvas/toolstrip/ProjectIconSupplier
instanceKlass org/apache/http/nio/pool/AbstractNIOConnPool$InternalSessionRequestCallback
instanceKlass org/apache/http/impl/conn/SystemDefaultDnsResolver
instanceKlass org/apache/http/impl/conn/DefaultSchemePortResolver
instanceKlass org/apache/http/conn/DnsResolver
instanceKlass org/apache/http/impl/nio/conn/PoolingNHttpClientConnectionManager$InternalAddressResolver
instanceKlass com/mathworks/toolbox/shared/computils/exceptions/ViewContext
instanceKlass com/mathworks/toolbox/shared/computils/exceptions/ExceptionHandler
instanceKlass org/apache/http/nio/util/HeapByteBufferAllocator
instanceKlass org/apache/http/impl/EnglishReasonPhraseCatalog
instanceKlass org/apache/http/HttpResponse
instanceKlass org/apache/http/ReasonPhraseCatalog
instanceKlass org/apache/http/impl/DefaultHttpResponseFactory
instanceKlass org/apache/http/StatusLine
instanceKlass org/apache/http/ProtocolVersion
instanceKlass com/mathworks/toolbox/slproject/project/GUI/canvas/toolstrip/ProjectOpener
instanceKlass org/apache/http/message/BasicLineParser
instanceKlass com/mathworks/toolbox/slproject/project/GUI/canvas/toolstrip/ProjectToolsetInitializer$1
instanceKlass org/apache/http/nio/NHttpMessageParser
instanceKlass org/apache/http/HttpResponseFactory
instanceKlass com/mathworks/toolbox/slproject/project/GUI/canvas/toolstrip/ProjectToolsetInitializer
instanceKlass org/apache/http/message/LineParser
instanceKlass org/apache/http/impl/nio/codecs/DefaultHttpResponseParserFactory
instanceKlass org/apache/http/message/BasicLineFormatter
instanceKlass org/apache/http/nio/NHttpMessageWriter
instanceKlass org/apache/http/message/LineFormatter
instanceKlass org/apache/http/impl/nio/codecs/DefaultHttpRequestWriterFactory
instanceKlass org/apache/http/impl/nio/NHttpConnectionBase
instanceKlass org/apache/http/nio/reactor/SocketAccessor
instanceKlass org/apache/http/nio/reactor/SessionBufferStatus
instanceKlass org/apache/http/nio/NHttpClientIOTarget
instanceKlass org/apache/http/nio/conn/ManagedNHttpClientConnection
instanceKlass org/apache/http/HttpInetConnection
instanceKlass org/apache/http/nio/NHttpClientConnection
instanceKlass org/apache/http/nio/NHttpConnection
instanceKlass org/apache/http/nio/IOControl
instanceKlass org/apache/http/HttpConnection
instanceKlass org/apache/http/nio/util/ByteBufferAllocator
instanceKlass org/apache/http/nio/NHttpMessageParserFactory
instanceKlass org/apache/http/nio/NHttpMessageWriterFactory
instanceKlass org/apache/http/impl/nio/conn/ManagedNHttpClientConnectionFactory
instanceKlass org/apache/http/nio/conn/NHttpConnectionFactory
instanceKlass org/apache/http/impl/nio/conn/PoolingNHttpClientConnectionManager$InternalConnectionFactory
instanceKlass org/apache/http/pool/PoolEntryCallback
instanceKlass org/apache/http/nio/pool/RouteSpecificPool
instanceKlass org/apache/http/nio/reactor/SessionRequestCallback
instanceKlass org/apache/http/nio/pool/AbstractNIOConnPool
instanceKlass org/apache/http/pool/ConnPool
instanceKlass org/apache/http/impl/nio/conn/PoolingNHttpClientConnectionManager$ConfigData
instanceKlass org/apache/http/config/Registry
instanceKlass org/apache/http/nio/conn/NoopIOSessionStrategy
instanceKlass org/apache/http/config/RegistryBuilder
instanceKlass org/apache/http/pool/PoolEntry
instanceKlass org/apache/http/nio/pool/NIOConnFactory
instanceKlass org/apache/http/nio/pool/SocketAddressResolver
instanceKlass org/apache/http/impl/nio/conn/PoolingNHttpClientConnectionManager
instanceKlass org/apache/http/pool/ConnPoolControl
instanceKlass java/util/concurrent/ConcurrentLinkedQueue$Node
instanceKlass org/apache/http/impl/nio/reactor/AbstractMultiworkerIOReactor$Worker
instanceKlass org/apache/http/impl/nio/reactor/AbstractIOReactor
instanceKlass org/apache/http/impl/nio/reactor/AbstractMultiworkerIOReactor$DefaultThreadFactory
instanceKlass sun/nio/ch/OptionKey
instanceKlass sun/nio/ch/SocketOptionRegistry$LazyInitialization
instanceKlass sun/nio/ch/SocketOptionRegistry$RegistryKey
instanceKlass sun/nio/ch/SocketOptionRegistry
instanceKlass jdk/net/SocketFlow
instanceKlass sun/net/ExtendedOptionsImpl$$Lambda$28
instanceKlass sun/net/ExtendedOptionsImpl
instanceKlass sun/nio/ch/ExtendedSocketOption$1
instanceKlass sun/nio/ch/ExtendedSocketOption
instanceKlass sun/nio/ch/SocketChannelImpl$DefaultOptionsHolder
instanceKlass java/net/StandardSocketOptions$StdSocketOption
instanceKlass java/net/SocketOption
instanceKlass java/net/StandardSocketOptions
instanceKlass java/net/Socket
instanceKlass sun/net/NetHooks
instanceKlass java/net/PlainSocketImpl$1
instanceKlass java/net/AbstractPlainSocketImpl$1
instanceKlass java/net/SocketImpl
instanceKlass java/net/SocketOptions
instanceKlass java/net/SocksConsts
instanceKlass java/net/ServerSocket
instanceKlass sun/nio/ch/Net$3
instanceKlass sun/nio/ch/Net$4
instanceKlass sun/nio/ch/Net$1
instanceKlass java/net/ProtocolFamily
instanceKlass sun/nio/ch/Net
instanceKlass java/net/InetSocketAddress$InetSocketAddressHolder
instanceKlass sun/nio/ch/SelChImpl
instanceKlass java/nio/channels/NetworkChannel
instanceKlass sun/net/util/IPAddressUtil
instanceKlass sun/nio/ch/PipeImpl$Initializer$LoopbackConnector
instanceKlass sun/nio/ch/PipeImpl$Initializer
instanceKlass java/nio/channels/Pipe
instanceKlass sun/nio/ch/NativeObject
instanceKlass sun/nio/ch/PollArrayWrapper
instanceKlass sun/nio/ch/WindowsSelectorImpl$FinishLock
instanceKlass sun/nio/ch/WindowsSelectorImpl$StartLock
instanceKlass sun/nio/ch/WindowsSelectorImpl$SubSelector
instanceKlass java/nio/channels/SelectionKey
instanceKlass sun/nio/ch/Util$3
instanceKlass sun/nio/ch/DefaultSelectorProvider
instanceKlass java/nio/channels/spi/SelectorProvider$1
instanceKlass java/nio/channels/spi/SelectorProvider
instanceKlass java/nio/channels/Selector
instanceKlass org/apache/http/params/AbstractHttpParams
instanceKlass org/apache/http/params/HttpParamsNames
instanceKlass org/apache/http/nio/reactor/SessionRequest
instanceKlass org/apache/http/impl/nio/reactor/AbstractMultiworkerIOReactor
instanceKlass org/apache/http/nio/reactor/ConnectingIOReactor
instanceKlass org/apache/http/nio/reactor/IOReactor
instanceKlass org/apache/http/impl/nio/client/IOReactorUtils
instanceKlass org/apache/http/impl/nio/reactor/IOReactorConfig$Builder
instanceKlass org/apache/http/impl/nio/reactor/IOReactorConfig
instanceKlass org/apache/http/conn/ssl/AbstractVerifier
instanceKlass org/apache/http/nio/reactor/ssl/SSLSetupHandler
instanceKlass org/apache/http/nio/reactor/IOSession
instanceKlass org/apache/http/conn/ssl/X509HostnameVerifier
instanceKlass org/apache/http/nio/conn/ssl/SSLIOSessionStrategy
instanceKlass org/apache/commons/logging/impl/SimpleLog$1
instanceKlass org/apache/commons/logging/impl/SimpleLog
instanceKlass org/apache/commons/logging/Log
instanceKlass org/apache/commons/logging/impl/LogFactoryImpl$3
instanceKlass org/apache/commons/logging/impl/LogFactoryImpl$1
instanceKlass org/apache/commons/logging/impl/LogFactoryImpl$2
instanceKlass org/apache/commons/logging/LogFactory$2
instanceKlass org/apache/commons/logging/LogFactory$3
instanceKlass org/apache/commons/logging/LogFactory$4
instanceKlass org/apache/commons/logging/impl/WeakHashtable$Referenced
instanceKlass org/apache/commons/logging/LogFactory$1
instanceKlass org/apache/commons/logging/LogFactory$6
instanceKlass org/apache/commons/logging/LogFactory
instanceKlass org/apache/http/conn/ssl/DefaultHostnameVerifier
instanceKlass javax/net/ssl/X509ExtendedKeyManager
instanceKlass javax/net/ssl/X509KeyManager
instanceKlass javax/net/ssl/KeyManager
instanceKlass javax/net/ssl/KeyManagerFactorySpi
instanceKlass javax/net/ssl/KeyManagerFactory$1
instanceKlass javax/net/ssl/KeyManagerFactory
instanceKlass sun/security/ssl/SSLContextImpl$DefaultManagersHolder$1
instanceKlass sun/security/validator/KeyStores
instanceKlass javax/net/ssl/X509ExtendedTrustManager
instanceKlass javax/net/ssl/X509TrustManager
instanceKlass javax/net/ssl/TrustManagerFactory$1
instanceKlass javax/net/ssl/TrustManagerFactory
instanceKlass sun/security/ssl/TrustManagerFactoryImpl$1
instanceKlass java/security/KeyStore$1
instanceKlass sun/security/ssl/TrustManagerFactoryImpl$2
instanceKlass javax/net/ssl/TrustManagerFactorySpi
instanceKlass sun/security/ssl/SSLContextImpl$DefaultManagersHolder
instanceKlass sun/security/ssl/SSLSessionContextImpl$1
instanceKlass sun/security/ssl/SSLSessionContextImpl
instanceKlass javax/net/ssl/SSLSessionContext
instanceKlass sun/security/ssl/EphemeralKeyManager$EphemeralKeyPair
instanceKlass sun/security/ssl/EphemeralKeyManager
instanceKlass sun/security/ssl/SSLContextImpl$CustomizedSSLProtocols
instanceKlass sun/security/ssl/CipherSuiteList
instanceKlass java/security/spec/ECGenParameterSpec
instanceKlass sun/security/util/ECKeySizeParameterSpec
instanceKlass sun/security/util/SecurityProviderConstants
instanceKlass java/security/KeyPairGeneratorSpi
instanceKlass sun/security/x509/CertificatePolicyMap
instanceKlass sun/security/util/ECUtil
instanceKlass java/security/interfaces/ECPublicKey
instanceKlass java/security/interfaces/ECKey
instanceKlass sun/security/provider/JavaKeyStore$TrustedCertEntry
instanceKlass sun/security/provider/KeyStoreDelegator$1
instanceKlass java/security/KeyStoreSpi
instanceKlass java/security/KeyStore
instanceKlass sun/security/util/AnchorCertificates$1
instanceKlass sun/security/util/AnchorCertificates
instanceKlass java/security/cert/TrustAnchor
instanceKlass sun/security/x509/X509CertImpl$$Lambda$27
instanceKlass sun/security/util/UntrustedCertificates$1
instanceKlass sun/security/util/UntrustedCertificates
instanceKlass java/security/cert/PKIXCertPathChecker
instanceKlass java/security/cert/CertPathChecker
instanceKlass javax/crypto/JarVerifier$JarHolder
instanceKlass javax/crypto/JarVerifier$2
instanceKlass javax/crypto/JceSecurity$2
instanceKlass javax/crypto/KeyAgreement
instanceKlass sun/security/ssl/JsseJce$EcAvailability
instanceKlass sun/security/ssl/SSLAlgorithmDecomposer$1
instanceKlass sun/security/ssl/CipherSuite$MacAlg
instanceKlass javax/crypto/JceSecurityManager$1
instanceKlass java/security/spec/DSAParameterSpec
instanceKlass java/security/interfaces/DSAParams
instanceKlass java/security/interfaces/DSAPrivateKey
instanceKlass org/apache/axis2/deployment/repository/util/DeploymentFileData
instanceKlass org/apache/axis2/engine/AxisEngine
instanceKlass org/apache/axis2/deployment/repository/util/WSInfoList
instanceKlass org/apache/axis2/deployment/RepositoryListener
instanceKlass org/apache/axis2/description/AxisModule
instanceKlass org/apache/axis2/deployment/ModuleDeployer
instanceKlass org/apache/axis2/deployment/TransportDeployer
instanceKlass org/apache/axis2/deployment/POJODeployer
instanceKlass org/apache/axis2/transport/http/SOAPMessageFormatter
instanceKlass org/apache/axis2/transport/http/ApplicationXMLFormatter
instanceKlass org/apache/axis2/transport/http/MultipartFormDataFormatter
instanceKlass org/apache/axis2/transport/http/XFormURLEncodedFormatter
instanceKlass org/apache/axis2/transport/MessageFormatter
instanceKlass org/apache/axis2/deployment/DescriptionBuilder$2
instanceKlass org/apache/axis2/builder/XFormURLEncodedBuilder
instanceKlass org/apache/axis2/builder/ApplicationXMLBuilder
instanceKlass org/apache/axis2/builder/MTOMBuilder
instanceKlass org/apache/axis2/builder/SOAPBuilder
instanceKlass org/apache/axis2/builder/MIMEBuilder
instanceKlass org/apache/axis2/addressing/AddressingConstants
instanceKlass org/apache/axis2/deployment/util/Utils$3
instanceKlass org/apache/axis2/deployment/util/Utils$2
instanceKlass org/apache/axis2/deployment/util/Utils
instanceKlass org/apache/axis2/transport/http/server/HttpFactory
instanceKlass org/apache/axis2/context/AbstractContext
instanceKlass org/apache/axis2/transport/http/SimpleHTTPServer
instanceKlass org/apache/axis2/transport/TransportListener
instanceKlass org/apache/axis2/transport/http/AbstractHTTPSender
instanceKlass org/apache/axis2/description/PhaseRule
instanceKlass org/apache/axis2/description/HandlerDescription
instanceKlass org/apache/axis2/handlers/AbstractHandler
instanceKlass org/apache/axis2/transport/TransportSender
instanceKlass org/apache/axis2/util/LoggingControl$1
instanceKlass org/apache/axis2/util/LoggingControl
instanceKlass org/apache/axis2/engine/Phase
instanceKlass org/apache/axis2/engine/Handler
instanceKlass org/apache/axis2/description/TransportOutDescription
instanceKlass com/mathworks/mlwidgets/util/productinfo/ProductInfoUtils$MatlabSimulinkGroupOrderComparator
instanceKlass org/apache/axis2/receivers/AbstractMessageReceiver
instanceKlass sun/security/validator/EndEntityChecker
instanceKlass org/apache/axis2/engine/MessageReceiver
instanceKlass sun/security/validator/Validator
instanceKlass org/apache/axis2/deployment/DescriptionBuilder$1
instanceKlass com/mathworks/mlwidgets/util/productinfo/ProductInfoUtils$DisplayOrderComparator
instanceKlass com/mathworks/mlwidgets/util/productinfo/ProductInfoUtils$ProductInfoManager
instanceKlass com/mathworks/mlwidgets/util/productinfo/ProductInfoUtils
instanceKlass org/apache/axis2/description/Parameter
instanceKlass com/ctc/wstx/io/BufferRecycler
instanceKlass com/ctc/wstx/util/DataUtil
instanceKlass com/ctc/wstx/io/WstxInputLocation
instanceKlass org/apache/axiom/om/impl/llom/OMAttributeImpl
instanceKlass sun/security/util/Pem
instanceKlass javax/crypto/JarVerifier$1
instanceKlass javax/crypto/JarVerifier
instanceKlass javax/crypto/CryptoPolicyParser$CryptoPermissionEntry
instanceKlass javax/crypto/CryptoPolicyParser$GrantEntry
instanceKlass java/io/StreamTokenizer
instanceKlass org/apache/axiom/om/impl/util/EmptyIterator
instanceKlass javax/crypto/CryptoPolicyParser
instanceKlass com/mathworks/html/HtmlActions
instanceKlass org/apache/axiom/om/util/OMXMLStreamReaderValidator
instanceKlass java/util/zip/ZipFile$ZipEntryIterator
instanceKlass java/util/jar/JarFile$JarEntryIterator
instanceKlass javax/xml/stream/util/StreamReaderDelegate
instanceKlass com/mathworks/html/HtmlComponent
instanceKlass com/mathworks/html/HtmlCallbackProvider
instanceKlass javax/crypto/JceSecurity$1
instanceKlass javax/crypto/JceSecurity
instanceKlass org/apache/axiom/om/OMXMLStreamReader
instanceKlass javax/crypto/Cipher
instanceKlass sun/security/krb5/Realm
instanceKlass com/mathworks/mlwidgets/html/HtmlComponentFactory
instanceKlass sun/security/krb5/PrincipalName
instanceKlass org/apache/axiom/om/impl/traverse/OMChildrenIterator
instanceKlass sun/security/ssl/JsseJce$1
instanceKlass sun/security/ssl/JsseJce
instanceKlass sun/security/ssl/CipherSuite$BulkCipher
instanceKlass sun/security/ssl/CipherSuite
instanceKlass org/apache/axiom/om/impl/builder/XOPBuilder
instanceKlass org/apache/axiom/om/OMAttachmentAccessor
instanceKlass sun/security/ssl/SSLAlgorithmConstraints
instanceKlass sun/security/ssl/ProtocolVersion
instanceKlass sun/security/ssl/ProtocolList
instanceKlass sun/security/ssl/Debug
instanceKlass org/apache/axiom/om/impl/OMNamespaceImpl
instanceKlass org/apache/axiom/om/OMConstants
instanceKlass org/apache/axiom/om/impl/OMNodeEx
instanceKlass org/apache/axiom/om/impl/llom/OMSerializableImpl
instanceKlass sun/security/ssl/SunJSSE$1
instanceKlass java/security/spec/ECFieldF2m
instanceKlass java/security/spec/ECParameterSpec
instanceKlass java/security/spec/AlgorithmParameterSpec
instanceKlass java/security/spec/ECPoint
instanceKlass java/security/spec/EllipticCurve
instanceKlass org/apache/axiom/ext/io/ReadFromSupport
instanceKlass java/security/spec/ECFieldFp
instanceKlass java/security/spec/ECField
instanceKlass sun/security/ec/CurveDB
instanceKlass sun/security/ec/SunECEntries
instanceKlass org/apache/axiom/util/blob/WritableBlob
instanceKlass org/apache/axiom/util/blob/Blob
instanceKlass javax/activation/DataSource
instanceKlass sun/security/ec/SunEC$1
instanceKlass org/apache/axiom/ext/stax/datahandler/DataHandlerReader
instanceKlass org/apache/axiom/util/stax/XMLStreamReaderUtils
instanceKlass org/apache/axiom/om/impl/builder/DataHandlerReaderUtils
instanceKlass org/apache/axiom/om/impl/builder/BuilderAwareReader
instanceKlass com/mathworks/mde/desk/StartupClassLoader$LoadInfo
instanceKlass org/apache/axiom/ext/stax/datahandler/DataHandlerProvider
instanceKlass org/apache/axiom/om/impl/OMContainerEx
instanceKlass java/security/interfaces/DSAPublicKey
instanceKlass java/security/interfaces/DSAKey
instanceKlass org/apache/axiom/om/impl/builder/StAXBuilder
instanceKlass org/apache/axiom/om/OMXMLParserWrapper
instanceKlass java/security/spec/DSAPublicKeySpec
instanceKlass org/apache/axiom/util/stax/wrapper/XMLStreamReaderWrapper
instanceKlass org/apache/axiom/ext/stax/DelegatingXMLStreamReader
instanceKlass java/security/AlgorithmParametersSpi
instanceKlass java/security/AlgorithmParameters
instanceKlass sun/security/x509/RFC822Name
instanceKlass sun/security/x509/NetscapeCertTypeExtension$MapEntry
instanceKlass org/apache/commons/io/Charsets
instanceKlass com/ctc/wstx/compat/JdkImpl
instanceKlass com/ctc/wstx/compat/JdkInfo
instanceKlass com/ctc/wstx/compat/JdkFeatures
instanceKlass com/ctc/wstx/util/TextBuffer
instanceKlass javax/net/ssl/SSLContextSpi
instanceKlass javax/net/ssl/SSLContext
instanceKlass com/mathworks/mde/desk/StartupClassLoader$2
instanceKlass com/ctc/wstx/util/TextBuilder
instanceKlass org/apache/http/ssl/SSLContexts
instanceKlass com/ctc/wstx/util/StringVector
instanceKlass com/ctc/wstx/util/EmptyIterator
instanceKlass org/apache/http/conn/util/PublicSuffixMatcher
instanceKlass org/apache/http/conn/util/PublicSuffixList
instanceKlass com/ctc/wstx/sr/AttributeCollector
instanceKlass com/ctc/wstx/util/BaseNsContext
instanceKlass org/codehaus/stax2/validation/XMLValidator
instanceKlass com/ctc/wstx/sr/NsDefaultProvider
instanceKlass org/codehaus/stax2/validation/DTDValidationSchema
instanceKlass org/codehaus/stax2/validation/XMLValidationSchema
instanceKlass com/ctc/wstx/sr/InputElementStack
instanceKlass org/codehaus/stax2/validation/ValidationContext
instanceKlass org/codehaus/stax2/AttributeInfo
instanceKlass org/apache/http/conn/util/PublicSuffixListParser
instanceKlass org/apache/http/conn/util/PublicSuffixMatcherLoader
instanceKlass org/codehaus/stax2/XMLStreamLocation2
instanceKlass org/apache/http/impl/nio/client/InternalClientExec
instanceKlass org/apache/http/nio/NHttpClientEventHandler
instanceKlass org/apache/http/client/RedirectStrategy
instanceKlass org/apache/http/client/CookieStore
instanceKlass org/apache/http/config/Lookup
instanceKlass org/apache/http/conn/routing/HttpRoutePlanner
instanceKlass org/apache/http/HttpResponseInterceptor
instanceKlass org/apache/http/HttpRequestInterceptor
instanceKlass org/apache/http/conn/SchemePortResolver
instanceKlass org/apache/http/client/UserTokenHandler
instanceKlass org/apache/http/client/AuthenticationStrategy
instanceKlass com/ctc/wstx/io/WstxInputData
instanceKlass org/apache/http/conn/ConnectionKeepAliveStrategy
instanceKlass org/apache/http/ConnectionReuseStrategy
instanceKlass org/apache/http/nio/conn/SchemeIOSessionStrategy
instanceKlass javax/net/ssl/HostnameVerifier
instanceKlass com/ctc/wstx/cfg/ParsingErrorMsgs
instanceKlass com/ctc/wstx/sr/InputProblemReporter
instanceKlass org/apache/http/impl/nio/client/HttpAsyncClientBuilder
instanceKlass org/apache/http/nio/client/HttpPipeliningClient
instanceKlass org/codehaus/stax2/LocationInfo
instanceKlass org/codehaus/stax2/DTDInfo
instanceKlass com/ctc/wstx/sr/StreamReaderImpl
instanceKlass org/apache/http/impl/nio/client/CloseableHttpAsyncClient
instanceKlass org/apache/http/nio/client/HttpAsyncClient
instanceKlass org/apache/http/nio/conn/NHttpClientConnectionManager
instanceKlass org/apache/http/impl/nio/client/HttpAsyncClients
instanceKlass org/apache/http/util/CharArrayBuffer
instanceKlass org/apache/http/util/TextUtils
instanceKlass org/apache/http/Consts
instanceKlass org/apache/http/entity/ContentType
instanceKlass org/apache/http/entity/AbstractHttpEntity
instanceKlass com/ctc/wstx/io/WstxInputSource
instanceKlass org/apache/http/message/BasicHeader
instanceKlass com/ctc/wstx/io/InputSourceFactory
instanceKlass org/apache/http/util/Args
instanceKlass org/apache/http/HeaderIterator
instanceKlass org/apache/http/message/HeaderGroup
instanceKlass javax/xml/stream/Location
instanceKlass org/apache/http/RequestLine
instanceKlass org/apache/http/concurrent/Cancellable
instanceKlass org/apache/http/params/HttpParams
instanceKlass org/apache/http/Header
instanceKlass org/apache/http/message/AbstractHttpMessage
instanceKlass org/apache/http/client/methods/AbortableHttpRequest
instanceKlass org/apache/http/client/methods/HttpExecutionAware
instanceKlass org/apache/http/client/methods/Configurable
instanceKlass org/apache/http/HttpEntityEnclosingRequest
instanceKlass org/apache/axiom/om/util/StAXUtils$2
instanceKlass com/google/gson/internal/ConstructorConstructor$8
instanceKlass com/google/gson/internal/ConstructorConstructor$11
instanceKlass com/mathworks/eps/notificationclient/messages/request/authnz/GetAPSTokenRequestMsg$1
instanceKlass javax/xml/stream/XMLOutputFactory
instanceKlass org/apache/axiom/util/stax/dialect/AbstractStAXDialect
instanceKlass com/google/gson/internal/$Gson$Types$ParameterizedTypeImpl
instanceKlass org/apache/axiom/util/stax/dialect/StAXDialect
instanceKlass org/apache/axiom/util/stax/dialect/StAXDialectDetector
instanceKlass com/google/gson/internal/Primitives
instanceKlass com/google/gson/annotations/SerializedName
instanceKlass com/ctc/wstx/util/ArgUtil
instanceKlass com/ctc/wstx/api/WstxInputProperties$ParsingMode
instanceKlass com/ctc/wstx/api/WstxInputProperties
instanceKlass com/google/gson/internal/UnsafeAllocator
instanceKlass com/google/gson/internal/ConstructorConstructor$12
instanceKlass com/ctc/wstx/api/CommonConfig
instanceKlass com/google/gson/annotations/JsonAdapter
instanceKlass com/ctc/wstx/util/SymbolTable$Bucket
instanceKlass com/ctc/wstx/util/SymbolTable
instanceKlass com/ctc/wstx/util/DefaultXmlSymbolTable
instanceKlass com/google/gson/internal/Streams
instanceKlass org/codehaus/stax2/XMLStreamReader2
instanceKlass org/codehaus/stax2/validation/Validatable
instanceKlass com/google/gson/internal/bind/ReflectiveTypeAdapterFactory$BoundField
instanceKlass com/google/gson/internal/bind/ReflectiveTypeAdapterFactory
instanceKlass javax/xml/transform/stream/StreamSource
instanceKlass com/google/gson/internal/bind/JsonAdapterAnnotationTypeAdapterFactory
instanceKlass org/codehaus/stax2/io/Stax2Source
instanceKlass com/google/gson/internal/bind/MapTypeAdapterFactory
instanceKlass com/google/gson/internal/bind/CollectionTypeAdapterFactory
instanceKlass com/google/gson/internal/bind/ArrayTypeAdapter$1
instanceKlass com/google/gson/internal/bind/SqlDateTypeAdapter$1
instanceKlass com/google/gson/internal/bind/TimeTypeAdapter$1
instanceKlass com/ctc/wstx/io/InputBootstrapper
instanceKlass com/google/gson/internal/bind/DateTypeAdapter$1
instanceKlass com/google/gson/internal/bind/ObjectTypeAdapter$1
instanceKlass javax/xml/stream/util/XMLEventAllocator
instanceKlass com/google/gson/internal/bind/TypeAdapters$26
instanceKlass org/codehaus/stax2/XMLEventReader2
instanceKlass javax/xml/stream/XMLEventReader
instanceKlass org/codehaus/stax2/XMLStreamProperties
instanceKlass com/google/gson/internal/bind/TypeAdapters$30
instanceKlass com/google/gson/internal/bind/TypeAdapters$22
instanceKlass com/google/gson/internal/bind/TypeAdapters$31
instanceKlass com/ctc/wstx/cfg/InputConfigFlags
instanceKlass com/ctc/wstx/sr/ReaderCreator
instanceKlass com/google/gson/internal/bind/TypeAdapters$29
instanceKlass com/google/gson/internal/bind/TypeAdapters$28
instanceKlass javax/xml/stream/FactoryFinder$1
instanceKlass javax/xml/stream/SecuritySupport$5
instanceKlass com/google/gson/internal/bind/TypeAdapters
instanceKlass javax/xml/stream/SecuritySupport$2
instanceKlass javax/xml/stream/SecuritySupport
instanceKlass com/google/gson/internal/ObjectConstructor
instanceKlass javax/xml/stream/FactoryFinder
instanceKlass com/google/gson/internal/ConstructorConstructor
instanceKlass com/google/gson/Gson$2
instanceKlass com/google/gson/Gson$1
instanceKlass com/google/gson/JsonSerializationContext
instanceKlass javax/xml/stream/XMLInputFactory
instanceKlass com/google/gson/JsonDeserializationContext
instanceKlass org/apache/axiom/om/util/StAXUtils$7
instanceKlass com/google/gson/Gson
instanceKlass org/apache/axiom/om/util/StAXParserConfiguration$4
instanceKlass org/apache/axiom/om/util/StAXParserConfiguration$3
instanceKlass com/google/gson/JsonDeserializer
instanceKlass com/google/gson/TreeTypeAdapter$SingleTypeFactory
instanceKlass javax/xml/stream/XMLResolver
instanceKlass org/apache/axiom/om/util/StAXParserConfiguration$2
instanceKlass com/google/gson/stream/JsonWriter
instanceKlass org/apache/axiom/om/util/StAXParserConfiguration$1
instanceKlass org/apache/axiom/om/util/StAXParserConfiguration
instanceKlass org/apache/axiom/om/util/StAXUtils$9
instanceKlass com/google/gson/stream/JsonReader
instanceKlass org/apache/axiom/om/util/StAXUtils
instanceKlass com/google/gson/internal/$Gson$Types$GenericArrayTypeImpl
instanceKlass com/google/gson/internal/$Gson$Types
instanceKlass org/apache/axis2/util/XMLUtils
instanceKlass com/google/gson/reflect/TypeToken
instanceKlass com/google/gson/InstanceCreator
instanceKlass com/google/gson/internal/$Gson$Preconditions
instanceKlass com/mathworks/eps/notificationclient/messages/utils/GsonUtils$LoginMessageSerializer
instanceKlass com/google/gson/JsonSerializer
instanceKlass org/apache/axis2/deployment/DescriptionBuilder
instanceKlass com/mathworks/eps/notificationclient/messages/request/authnz/LoginRequestMsg
instanceKlass com/google/gson/JsonElement
instanceKlass org/apache/axis2/deployment/util/PhasesInfo
instanceKlass org/apache/axis2/engine/AxisConfiguration$1
instanceKlass com/google/gson/TypeAdapter
instanceKlass com/google/gson/internal/Excluder
instanceKlass com/google/gson/TypeAdapterFactory
instanceKlass org/apache/axis2/util/TargetResolver
instanceKlass com/google/gson/FieldNamingStrategy
instanceKlass com/google/gson/GsonBuilder
instanceKlass org/apache/axis2/builder/Builder
instanceKlass com/mathworks/eps/notificationclient/messages/utils/GsonUtils
instanceKlass org/apache/http/client/methods/HttpUriRequest
instanceKlass org/apache/http/HttpRequest
instanceKlass org/apache/http/HttpMessage
instanceKlass org/apache/http/concurrent/FutureCallback
instanceKlass org/apache/axis2/util/Loader$1
instanceKlass com/mathworks/eps/notificationclient/impl/NotificationHttpTransporter
instanceKlass com/mathworks/eps/notificationclient/messages/request/authnz/GetAPSTokenRequest
instanceKlass org/apache/axis2/util/Loader
instanceKlass com/mathworks/eps/notificationclient/messages/request/authnz/GetAPSTokenRequestMsg$Service
instanceKlass org/apache/ws/commons/schema/resolver/URIResolver
instanceKlass javax/wsdl/xml/WSDLLocator
instanceKlass com/mathworks/eps/notificationclient/messages/request/authnz/GetAPSTokenRequestMsg$Application
instanceKlass org/apache/axis2/deployment/Deployer
instanceKlass com/mathworks/eps/notificationclient/messages/request/authnz/GetAPSTokenRequestMsg
instanceKlass com/mathworks/eps/notificationclient/messages/request/authnz/GetTokenRequestMetadata
instanceKlass com/mathworks/fl/i18n/MwLocaleManagementSystem
instanceKlass org/apache/axis2/deployment/DeploymentEngine
instanceKlass org/apache/axis2/deployment/DeploymentConstants
instanceKlass org/apache/axis2/engine/AxisConfigurator
instanceKlass com/mathworks/eps/notificationclient/api/ProxyDetails
instanceKlass org/apache/axis2/context/ConfigurationContextFactory
instanceKlass org/apache/axis2/description/TransportInDescription
instanceKlass org/apache/axis2/engine/ListenerManager
instanceKlass com/mathworks/notification_client_util/MATLABNotificationClientParams$UtilityParamsProxyConfigurationVisitor
instanceKlass org/apache/axis2/client/Options
instanceKlass org/apache/axiom/om/util/UUIDGenerator
instanceKlass javax/xml/namespace/QName$1
instanceKlass javax/xml/namespace/QName
instanceKlass org/apache/axis2/util/Counter
instanceKlass org/apache/axis2/client/ServiceClient
instanceKlass org/apache/axis2/client/OperationClient
instanceKlass org/apache/axis2/engine/DefaultObjectSupplier
instanceKlass org/apache/axis2/java/security/AccessController
instanceKlass org/apache/axis2/description/AxisService$1
instanceKlass org/apache/axis2/dataretrieval/LocatorType
instanceKlass org/apache/neethi/PolicyComponent
instanceKlass org/apache/axis2/description/PolicySubject
instanceKlass org/apache/axis2/description/ParameterIncludeImpl
instanceKlass org/apache/axis2/context/externalize/SafeSerializable
instanceKlass org/apache/axiom/soap/SOAPFaultNode
instanceKlass org/apache/axiom/soap/SOAPHeader
instanceKlass org/apache/axiom/soap/SOAPFault
instanceKlass org/apache/axiom/soap/SOAPVersion
instanceKlass org/apache/axiom/soap/SOAPBody
instanceKlass org/apache/axiom/soap/SOAPMessage
instanceKlass org/apache/axiom/soap/SOAPFaultCode
instanceKlass org/apache/axiom/soap/SOAPEnvelope
instanceKlass org/apache/axiom/soap/SOAPHeaderBlock
instanceKlass org/apache/axiom/soap/SOAPFaultValue
instanceKlass org/apache/axiom/soap/SOAPFaultReason
instanceKlass org/apache/axiom/soap/SOAPFaultRole
instanceKlass org/apache/axiom/soap/SOAPFaultSubCode
instanceKlass org/apache/axiom/soap/SOAPFaultClassifier
instanceKlass org/apache/axiom/soap/SOAPFaultText
instanceKlass org/apache/axiom/soap/SOAPFaultDetail
instanceKlass org/apache/axiom/om/OMAttribute
instanceKlass org/apache/axiom/om/OMProcessingInstruction
instanceKlass org/apache/axiom/om/OMNamespace
instanceKlass org/apache/axiom/om/OMDocType
instanceKlass org/apache/axiom/om/OMComment
instanceKlass org/apache/axiom/om/OMSourcedElement
instanceKlass org/apache/axiom/om/OMDocument
instanceKlass org/apache/axiom/om/OMText
instanceKlass org/apache/axiom/om/impl/llom/factory/OMLinkedListImplFactory
instanceKlass org/apache/axiom/soap/SOAPFactory
instanceKlass org/apache/axiom/om/impl/llom/factory/OMLinkedListMetaFactory
instanceKlass org/apache/axiom/om/OMMetaFactory
instanceKlass org/apache/axiom/om/OMAbstractFactory
instanceKlass org/apache/commons/logging/impl/SimpleLog$1
instanceKlass org/apache/commons/logging/impl/SimpleLog
instanceKlass org/apache/commons/logging/Log
instanceKlass org/apache/commons/logging/impl/LogFactoryImpl$1
instanceKlass org/apache/commons/logging/impl/LogFactoryImpl$2
instanceKlass com/mathworks/eps/notificationclient/impl/utils/NotificationLog
instanceKlass com/mathworks/eps/notificationclient/impl/NotificationClientParamsMLWrapper$1
instanceKlass java/net/Proxy
instanceKlass java/net/PasswordAuthentication
instanceKlass com/mathworks/notification_client_util/ProxyInfo
instanceKlass org/apache/commons/logging/LogFactory$2
instanceKlass com/mathworks/notification_client_util/MATLABNotificationClientParams
instanceKlass org/apache/commons/logging/LogFactory$3
instanceKlass org/apache/commons/logging/LogFactory$4
instanceKlass org/apache/commons/logging/impl/WeakHashtable$Referenced
instanceKlass com/mathworks/eps/notificationclient/impl/NotificationClientParamsMLWrapper
instanceKlass org/apache/commons/logging/LogFactory$1
instanceKlass org/apache/commons/logging/LogFactory$6
instanceKlass org/apache/commons/logging/LogFactory
instanceKlass com/mathworks/eps/notificationclient/impl/utils/LogMessageTask
instanceKlass org/apache/axis2/engine/ObjectSupplier
instanceKlass org/apache/axis2/dataretrieval/AxisDataLocator
instanceKlass org/apache/ws/commons/schema/utils/NamespacePrefixList
instanceKlass javax/xml/namespace/NamespaceContext
instanceKlass org/apache/ws/commons/schema/XmlSchemaObject
instanceKlass org/apache/ws/commons/schema/utils/NamespaceContextOwner
instanceKlass com/mathworks/eps/notificationclient/impl/executors/LabelledThreadFactory
instanceKlass javax/wsdl/extensions/soap/SOAPAddress
instanceKlass javax/wsdl/extensions/ExtensibilityElement
instanceKlass javax/wsdl/Definition
instanceKlass javax/wsdl/WSDLElement
instanceKlass javax/wsdl/extensions/ElementExtensible
instanceKlass com/mathworks/eps/notificationclient/impl/executors/ExecutorServiceGroup
instanceKlass javax/wsdl/extensions/AttributeExtensible
instanceKlass com/mathworks/addons/upgrade/NewGRNotificationDialog$1
instanceKlass com/mathworks/addons/upgrade/NewGRNotificationDialog$4
instanceKlass com/mathworks/eps/notificationclient/messages/utils/APSConstants
instanceKlass com/mathworks/addons/upgrade/NewGRNotificationDialog$3
instanceKlass com/mathworks/addons/upgrade/NewGRNotificationDialog$2
instanceKlass org/apache/axis2/description/java2wsdl/DefaultSchemaGenerator
instanceKlass org/apache/axis2/description/java2wsdl/SchemaGenerator
instanceKlass org/apache/axis2/description/java2wsdl/Java2WSDLConstants
instanceKlass org/apache/http/client/CredentialsProvider
instanceKlass org/apache/http/auth/Credentials
instanceKlass org/apache/http/HttpEntity
instanceKlass com/mathworks/eps/notificationclient/impl/utils/APSUtils
instanceKlass com/mathworks/eps/notificationclient/impl/NotificationTransporter
instanceKlass com/mathworks/eps/notificationclient/messages/request/NotificationRequestMessage
instanceKlass com/mathworks/eps/notificationclient/impl/NotificationClientImpl
instanceKlass com/mathworks/eps/notificationclient/api/NotificationClient
instanceKlass com/mathworks/eps/notificationclient/impl/RemoteClientCreator
instanceKlass com/mathworks/eps/notificationclient/api/ClientCreator
instanceKlass org/apache/axiom/om/OMFactory
instanceKlass com/mathworks/addons/upgrade/NewGRNotificationDialog
instanceKlass com/mathworks/eps/notificationclient/api/utils/ClassLoaderUtils
instanceKlass com/mathworks/addons/upgrade/NewGRNotificationSetting
instanceKlass com/mathworks/eps/notificationclient/api/classloader/ClassLoaderHelper
instanceKlass org/apache/axis2/description/AxisDescription
instanceKlass org/apache/axis2/description/DescriptionConstants
instanceKlass org/apache/axis2/description/ParameterInclude
instanceKlass com/mathworks/eps/notificationclient/api/ClientFactory
instanceKlass com/mathworks/eps/notificationclient/api/ClientParamsBuilder
instanceKlass org/apache/axis2/wsdl/WSDLConstants
instanceKlass com/mathworks/matlab_upgrade/MatlabUpgrade
instanceKlass com/mathworks/apache/commons/lang3/text/StrTokenizer
instanceKlass com/mathworks/apache/commons/lang3/text/StrBuilder
instanceKlass com/mathworks/apache/commons/lang3/text/StrLookup
instanceKlass com/mathworks/apache/commons/lang3/StringUtils
instanceKlass com/mathworks/instutil/ResourceDefaultLocaleImpl
instanceKlass com/mathworks/instutil/ResourceLocale
instanceKlass com/mathworks/instutil/ResourceLocaleFactory
instanceKlass com/mathworks/mlwidgets/graphics/PlotToolSetHandler$Extension
instanceKlass com/mathworks/mlwidgets/graphics/PlotToolSetHandler
instanceKlass org/jdom/ContentList$FilterListIterator
instanceKlass java/util/DualPivotQuicksort
instanceKlass org/jdom/filter/AbstractFilter
instanceKlass org/jdom/Namespace
instanceKlass com/mathworks/apache/commons/lang3/text/StrMatcher
instanceKlass org/jdom/filter/Filter
instanceKlass com/mathworks/apache/commons/lang3/text/StrSubstitutor
instanceKlass org/jdom/Verifier
instanceKlass org/apache/xerces/parsers/AbstractSAXParser$LocatorProxy
instanceKlass org/xml/sax/ext/Locator2
instanceKlass com/mathworks/widgets/desk/PreferencePanel
instanceKlass com/mathworks/mde/cmdwin/CmdWinSyntaxWrapper
instanceKlass org/apache/xerces/util/URI
instanceKlass com/mathworks/webservices/urlmanager/ReleaseEnvImpl
instanceKlass com/mathworks/webservices/urlmanager/ReleaseEnv
instanceKlass com/mathworks/webservices/urlmanager/UrlManagerFactory
instanceKlass com/mathworks/mde/desk/ContributedTools$ToolBoxInfo
instanceKlass com/mathworks/brsanthu/dataexporter/DataExporter
instanceKlass org/apache/xerces/util/SAXMessageFormatter
instanceKlass org/jdom/input/BuilderErrorHandler
instanceKlass com/mathworks/apache/commons/cli/CommandLineParser
instanceKlass com/mathworks/webservices/urlmanager/UrlManager
instanceKlass com/mathworks/mlwebservices/WSEndPoints
instanceKlass com/mathworks/internal/activationws/client/ActivationService
instanceKlass org/xml/sax/DocumentHandler
instanceKlass com/mathworks/mde/desk/LoginStatusIndicator$5
instanceKlass javax/xml/parsers/SAXParser
instanceKlass com/mathworks/mde/desk/LoginStatusIndicator$4
instanceKlass org/apache/axis2/client/Stub
instanceKlass javax/xml/parsers/SAXParserFactory
instanceKlass com/mathworks/mde/desk/LoginStatusIndicator$6
instanceKlass org/jdom/input/JAXPParserFactory
instanceKlass com/mathworks/webintegration/vrd/VRDViewMATLAB$2
instanceKlass com/mathworks/instutil/WaitObject
instanceKlass org/jdom/Document
instanceKlass com/mathworks/instutil/services/Status
instanceKlass com/mathworks/instutil/WaitObjectInterface
instanceKlass org/jdom/input/TextBuffer
instanceKlass com/mathworks/instutil/services/AbstractServiceThread
instanceKlass com/mathworks/vrd/command/ValidateCommandInternal
instanceKlass com/mathworks/vrd/command/ValidateCommandImpl
instanceKlass org/jdom/Content
instanceKlass com/mathworks/vrd/license/LicenseUtil
instanceKlass org/jdom/Parent
instanceKlass org/xml/sax/ext/DeclHandler
instanceKlass org/xml/sax/ext/LexicalHandler
instanceKlass org/jdom/DefaultJDOMFactory
instanceKlass org/jdom/JDOMFactory
instanceKlass com/mathworks/update_notification_subscriber/UpdateNotificationSubscriber$InternalServiceCaller
instanceKlass org/jdom/input/SAXBuilder
instanceKlass com/mathworks/notification_client_util/UIMessage
instanceKlass com/mathworks/notification_client_util/UICallback
instanceKlass com/mathworks/notification_client_util/NotificationServiceCaller
instanceKlass com/mathworks/instutil/VersionInfo
instanceKlass com/mathworks/update_notification_subscriber/UpdateNotificationSubscriber
instanceKlass com/mathworks/update_notification_subscriber/NotificationSubscriber
instanceKlass sun/nio/fs/WindowsUriSupport
instanceKlass com/mathworks/resources_folder/ResourcesFolderUtils
instanceKlass com/mathworks/mde/desk/LoginStatusIndicator$3
instanceKlass com/mathworks/matlab_login/EmbeddedLoginInfo
instanceKlass com/mathworks/mde/desk/ContributedTools
instanceKlass com/mathworks/mde/desk/MLNotificationUIProvider$1$1
instanceKlass com/mathworks/supportsoftwarematlabmanagement/upgrade/TriggerSsiUpgrade$1
instanceKlass com/mathworks/supportsoftwarematlabmanagement/upgrade/TriggerSsiUpgrade
instanceKlass com/mathworks/addons/upgrade/MLUpgradeNotification$1
instanceKlass com/mathworks/addons/upgrade/MLUpgradeNotification
instanceKlass com/mathworks/mde/desk/ContributedToolsLoader$3
instanceKlass com/mathworks/mde/cmdwin/CmdWinMLIF$8
instanceKlass com/mathworks/instutil/licensefiles/LicenseInfoImpl
instanceKlass com/mathworks/mde/desk/MLDesktop$10
instanceKlass com/mathworks/mde/cmdwin/FunctionBrowserRowHeader$4$1
instanceKlass com/mathworks/instutil/licensefiles/LicenseUtil$LicFileFilter
instanceKlass com/mathworks/mde/desk/MLDesktop$18
instanceKlass java/net/InetAddress$CacheEntry
instanceKlass sun/net/InetAddressCachePolicy$2
instanceKlass com/mathworks/mlservices/MLExecutionEvent$1
instanceKlass sun/net/InetAddressCachePolicy$1
instanceKlass sun/net/InetAddressCachePolicy
instanceKlass java/net/Inet4AddressImpl
instanceKlass com/mathworks/instutil/licensefiles/LicenseNamesBase
instanceKlass com/mathworks/net/hyperlink/AbstractHyperlinkProvider
instanceKlass com/mathworks/instutil/licensefiles/LicenseFileLocation
instanceKlass com/mathworks/instutil/licensefiles/LicenseLocationFactoryImpl
instanceKlass com/mathworks/instwiz/AutoCreateLogFileWILogger$StartRequestedState
instanceKlass com/mathworks/instwiz/resources/ComponentName
instanceKlass com/mathworks/instutil/wizard/ComponentName
instanceKlass com/mathworks/webintegration/vrd/LicenseActions$1
instanceKlass com/mathworks/mde/vrd/ProxyLicenseActions
instanceKlass com/mathworks/webintegration/vrd/PostActionHandler
instanceKlass com/mathworks/webintegration/vrd/VRDController
instanceKlass com/mathworks/vrd/command/ValidateCommand
instanceKlass com/mathworks/vrd/command/ValidateCommandFactoryDefault
instanceKlass com/mathworks/vrd/command/RefreshCommand
instanceKlass com/mathworks/vrd/command/RefreshCommandFactoryDefault
instanceKlass com/mathworks/vrd/command/DeactivateCommand
instanceKlass com/mathworks/vrd/command/DeactivateCommandFactoryDefault
instanceKlass com/mathworks/webintegration/vrd/CurrentMatlabSearchPathLicenseFactory
instanceKlass com/mathworks/instutil/DefaultSecurityOverrideImpl
instanceKlass com/mathworks/instutil/licensefiles/LicenseInfo
instanceKlass com/mathworks/instutil/licensefiles/LicenseLocationFactory
instanceKlass com/mathworks/vrd/model/VRDModelImpl
instanceKlass com/mathworks/mlwebservices/WSSwingWorker
instanceKlass com/mathworks/mlwebservices/DefaultService
instanceKlass java/util/logging/LogRecord
instanceKlass com/mathworks/vrd/model/VRDModel
instanceKlass com/mathworks/mlwebservices/ValidationService
instanceKlass com/mathworks/mlwebservices/Service
instanceKlass com/mathworks/vrd/model/VRDModelFactoryDefault
instanceKlass com/mathworks/webproxy/AbstractSystemProxyConfiguration
instanceKlass com/mathworks/webproxy/SystemProxyConfiguration
instanceKlass com/mathworks/webproxy/PropertiesProxyConfigurationImpl
instanceKlass com/mathworks/webproxy/SystemPropertiesProxyConfiguration
instanceKlass com/mathworks/webproxy/ProxyConfigurationVisitor
instanceKlass com/mathworks/webproxy/AbstractCompositeProxyConfiguration
instanceKlass com/mathworks/webproxy/NativeProxySettings
instanceKlass com/mathworks/webproxy/SystemProxySettings
instanceKlass com/mathworks/webproxy/PropertiesProxyConfiguration
instanceKlass com/mathworks/webproxy/ProxyConfiguration
instanceKlass com/mathworks/webproxy/ProxyAuthenticator
instanceKlass com/mathworks/webproxy/WebproxyFactory
instanceKlass com/mathworks/instutil/FolderUtilsImpl
instanceKlass com/mathworks/instutil/WinSecurity
instanceKlass com/mathworks/instutil/WindowsSecurityOverride
instanceKlass com/mathworks/instutil/ParentFolderOperation
instanceKlass com/mathworks/instutil/FileIO
instanceKlass com/mathworks/instutil/services/ServiceThread
instanceKlass com/mathworks/instutil/services/ServiceThreadFactoryImpl
instanceKlass com/mathworks/webintegration/vrd/NativeLmgrLicenseAdapter
instanceKlass com/mathworks/vrd/license/LicenseFileFilterImpl
instanceKlass com/mathworks/instutil/licensefiles/LicenseFileParserImpl
instanceKlass com/mathworks/instutil/SystemEnvironment
instanceKlass com/mathworks/instutil/licensefiles/LicenseFileFinderDefault
instanceKlass com/mathworks/instutil/Environment
instanceKlass com/mathworks/webintegration/vrd/NativeLmgrLicenseFileFinder
instanceKlass sun/font/SunFontManager$9
instanceKlass com/mathworks/instutil/wizard/CJKFontSize
instanceKlass com/mathworks/instutil/wizard/FontSizeStrategy
instanceKlass com/mathworks/instutil/FontHandlerImpl
instanceKlass com/mathworks/instwiz/AutoCreateLogFileWILogger$InitialState
instanceKlass com/mathworks/instwiz/AutoCreateLogFileWILogger$LoggerState
instanceKlass com/mathworks/mde/desk/LoginStatusIndicator$2$1
instanceKlass com/mathworks/matlab_login/LoginInfo
instanceKlass com/mathworks/instwiz/WIResourceBundle
instanceKlass com/mathworks/instwiz/arch/ArchGuiBase
instanceKlass com/mathworks/instwiz/arch/ArchGui
instanceKlass com/mathworks/instwiz/arch/ArchGuiFactoryImpl
instanceKlass com/mathworks/webintegration/vrd/VRDViewMATLAB$8
instanceKlass com/mathworks/instutil/services/ProxyTester
instanceKlass com/mathworks/net/hyperlink/HyperlinkProvider
instanceKlass com/mathworks/instutil/InstUtilResourceBundle
instanceKlass com/mathworks/instutil/FontHandler
instanceKlass com/mathworks/instwiz/arch/ArchGuiFactory
instanceKlass com/mathworks/webintegration/vrd/VRDViewMATLAB
instanceKlass org/apache/axiom/om/OMElement
instanceKlass org/apache/axiom/om/OMContainer
instanceKlass org/apache/axiom/om/OMNode
instanceKlass org/apache/axiom/om/OMSerializable
instanceKlass org/apache/axiom/om/OMDataSource
instanceKlass javax/xml/stream/XMLStreamWriter
instanceKlass javax/xml/stream/XMLStreamReader
instanceKlass javax/xml/stream/XMLStreamConstants
instanceKlass com/mathworks/internal/activationws/client/MWAMachineAttribute
instanceKlass org/apache/axis2/databinding/ADBBean
instanceKlass com/mathworks/instutil/RegistryImpl
instanceKlass com/mathworks/matlab_login/UserLoginInfo
instanceKlass com/google/inject/AbstractModule
instanceKlass com/mathworks/mde/desk/LoginStatusIndicator$2
instanceKlass com/mathworks/instutil/NativeUtility
instanceKlass com/mathworks/instutil/DisplayProperties
instanceKlass com/mathworks/instutil/MachineInfo
instanceKlass com/mathworks/instutil/LocalizedHelpPathFinder
instanceKlass com/mathworks/instutil/SecurityOverride
instanceKlass com/mathworks/instutil/PlatformImpl
instanceKlass com/mathworks/vrd/command/ValidateCommandFactory
instanceKlass com/mathworks/vrd/command/RefreshCommandFactory
instanceKlass com/mathworks/vrd/command/DeactivateCommandFactory
instanceKlass com/mathworks/vrd/license/LicenseFactory
instanceKlass com/mathworks/vrd/license/License
instanceKlass com/mathworks/vrd/model/VRDModelFactory
instanceKlass com/mathworks/instutil/Machine
instanceKlass com/mathworks/instutil/Registry
instanceKlass com/mathworks/instutil/system/HostIdProvider
instanceKlass com/mathworks/instutil/licensefiles/LicenseFileFinder
instanceKlass com/mathworks/vrd/license/LicenseFileFilter
instanceKlass com/mathworks/instutil/services/ServiceThreadFactory
instanceKlass com/mathworks/instutil/IO
instanceKlass com/mathworks/instutil/FolderUtils
instanceKlass com/mathworks/instutil/licensefiles/LicenseFileParser
instanceKlass com/mathworks/vrd/view/VRDView
instanceKlass com/mathworks/instutil/services/ServiceThreadView
instanceKlass com/mathworks/matlab_login/NativeLogin
instanceKlass com/mathworks/matlab_login/JniUtil
instanceKlass com/mathworks/matlab_login/LoginLevel4Impl
instanceKlass com/mathworks/matlab_login/LoginLevel3Impl
instanceKlass com/mathworks/webintegration/vrd/VRDConfigMATLAB
instanceKlass com/mathworks/matlab_login/LoginLevel2Impl
instanceKlass com/mathworks/matlab_login/LoginLevel1Impl
instanceKlass com/mathworks/vrd/config/VRDConfig
instanceKlass com/mathworks/matlab_login/LoginLevel0Impl
instanceKlass com/mathworks/matlab_login/LoginLevel
instanceKlass com/mathworks/matlab_login/LoginMessages
instanceKlass com/google/inject/Module
instanceKlass com/mathworks/vrd/config/VRDConfigFactory
instanceKlass com/mathworks/webintegration/vrd/LicenseActions$ActionList
instanceKlass com/mathworks/matlab_login/MatlabLogin
instanceKlass com/mathworks/webintegration/vrd/LicenseActions
instanceKlass com/mathworks/webintegration/vrd/LicenseActionsFactory$LazyHolder
instanceKlass com/mathworks/mde/vrd/NoOpLicenseActions
instanceKlass com/mathworks/webintegration/vrd/LicenseActionsFactory
instanceKlass com/mathworks/mde/desk/LoginStatusIndicator$1
instanceKlass com/mathworks/mde/vrd/LicenseActions
instanceKlass com/mathworks/mde/vrd/LicenseActionsFactory
instanceKlass com/mathworks/mde/desk/StartupClassLoader$1
instanceKlass com/mathworks/mde/desk/StartupClassLoader
instanceKlass com/mathworks/mde/desk/LoginStatusIndicatorLoader$3
instanceKlass com/mathworks/mde/desk/LoginStatusIndicatorLoader$1
instanceKlass com/mathworks/mde/desk/LoginStatusIndicatorLoader$2
instanceKlass com/mathworks/mde/desk/LoginStatusIndicatorLoader
instanceKlass com/mathworks/services/lmgr/NativeLmgr
instanceKlass com/mathworks/mlservices/MLLicenseChecker
instanceKlass com/mathworks/mde/desk/MLDesktop$9$1
instanceKlass com/mathworks/jmi/MatlabEvent
instanceKlass com/mathworks/jmi/MatlabMCR$AWTReplyEvent
instanceKlass com/mathworks/widgets/grouptable/AffordanceManager$7
instanceKlass com/mathworks/widgets/grouptable/ColorStyle$1
instanceKlass com/mathworks/widgets/grouptable/DisplayEffects$CombinedToolTipGenerator
instanceKlass com/mathworks/mwswing/AppearanceFocusEvent
instanceKlass javax/swing/text/JTextComponent$InputMethodRequestsHandler
instanceKlass java/text/AttributedString$AttributedStringIterator
instanceKlass java/text/AttributedCharacterIterator
instanceKlass java/text/AttributedString
instanceKlass sun/awt/im/CompositionAreaHandler
instanceKlass java/awt/KeyboardFocusManager$3
instanceKlass java/awt/KeyboardFocusManager$4
instanceKlass com/mathworks/widgets/find/FindClientRegistry$6
instanceKlass com/mathworks/widgets/find/LookinItem
instanceKlass com/mathworks/widgets/find/FindClientRegistry$RegisteredComponent
instanceKlass com/mathworks/widgets/find/FindClientRegistry$3
instanceKlass com/mathworks/widgets/find/FindClientRegistry
instanceKlass org/cef/browser/CefBrowserWr$1$1
instanceKlass com/mathworks/mlwidgets/explorer/model/table/PathAffordance$PathToolTipGenerator
instanceKlass com/mathworks/mlwidgets/explorer/util/FileSystemFilter
instanceKlass com/mathworks/mde/liveeditor/ShortcutUtils
instanceKlass com/mathworks/mlwidgets/explorer/util/FileSystemUtils
instanceKlass com/mathworks/sourcecontrol/StatusToolTipAffordance$StatusToolTipGenerator
instanceKlass com/mathworks/widgets/grouptable/DisplayEffects
instanceKlass com/mathworks/toolstrip/factory/TSRegistry$UpdateEvent
instanceKlass com/mathworks/widgets/desk/DTFrame$2$1
instanceKlass com/mathworks/widgets/desk/DTMultipleClientFrame$LocalWindowListener$1
instanceKlass com/mathworks/toolstrip/accessories/TSRobot
instanceKlass java/awt/AWTEvent$2
instanceKlass java/awt/LightweightDispatcher$1
instanceKlass java/awt/Container$MouseEventTargetFilter
instanceKlass java/awt/Container$EventTargetFilter
instanceKlass java/awt/KeyboardFocusManager$LightweightFocusRequest
instanceKlass java/awt/DefaultKeyboardFocusManager$TypeAheadMarker
instanceKlass java/awt/KeyboardFocusManager$HeavyweightFocusRequest
instanceKlass com/mathworks/widgets/desk/DTMultipleClientFrame$LocalWindowListener$2
instanceKlass com/mathworks/mlwidgets/explorer/widgets/address/AddressBar$11
instanceKlass java/awt/geom/LineIterator
instanceKlass com/jidesoft/plaf/vsnet/VsnetUtils
instanceKlass java/awt/geom/Path2D$Iterator
instanceKlass sun/dc/pr/Rasterizer$ConsumerDisposer
instanceKlass sun/dc/pr/PathDasher$1
instanceKlass sun/dc/pr/PathDasher
instanceKlass sun/dc/pr/PathStroker$1
instanceKlass sun/dc/pr/PathStroker
instanceKlass sun/dc/pr/PathFiller$1
instanceKlass sun/dc/pr/PathFiller
instanceKlass sun/dc/path/PathConsumer
instanceKlass sun/dc/pr/Rasterizer
instanceKlass sun/java2d/pipe/AATileGenerator
instanceKlass org/openide/ErrorManager
instanceKlass org/netbeans/editor/Finder
instanceKlass org/netbeans/editor/Utilities
instanceKlass com/mathworks/cmlink/management/cache/CmStatusCacheDecorator
instanceKlass com/mathworks/cmlink/management/cache/NullCmStatusCache
instanceKlass com/mathworks/cmlink/management/queue/CMQueue
instanceKlass com/mathworks/cmlink/util/interactor/NullTerminator
instanceKlass com/mathworks/cmlink/util/system/CommandInstalledChecker
instanceKlass com/mathworks/cmlink/util/system/PersistentAvailabilityCheck
instanceKlass com/mathworks/cmlink/util/system/AvailabilityCheck
instanceKlass com/mathworks/cmlink/implementations/svnintegration/SVNExecutor
instanceKlass com/mathworks/cmlink/implementations/svncore/SVNCoreAdapterFactoryDecorator
instanceKlass com/mathworks/toolbox/shared/computils/threads/WrappingExecutorService$WrappedCallable
instanceKlass com/mathworks/cmlink/util/CMExecutorService$2
instanceKlass com/mathworks/cmlink/util/CMExecutorService$1
instanceKlass com/mathworks/cmlink/util/CMExecutorService
instanceKlass com/mathworks/cmlink/management/queue/CMAdapterFactoryQueued$1
instanceKlass com/mathworks/cmlink/implementations/localcm/resources/SQLiteCMResources
instanceKlass com/mathworks/cmlink/implementations/localcm/api/utils/IAbortPoll
instanceKlass com/mathworks/cmlink/implementations/localcm/api/utils/IProgressReporter
instanceKlass com/mathworks/cmlink/implementations/localcm/LocalCMBase
instanceKlass com/mathworks/cmlink/implementations/svnkitintegration/resources/SVNKitResources
instanceKlass com/mathworks/cmlink/util/adapter/AdapterFactoryComparator
instanceKlass com/mathworks/cmlink/util/CMAdapterFactoryDecorator
instanceKlass com/mathworks/cmlink/management/registration/CMAdapterFactoryListCollection
instanceKlass com/mathworks/cmlink/management/registration/FactoryHidingFactoryList
instanceKlass com/mathworks/cmlink/management/registration/QueuedCMAdapterFactoryList
instanceKlass com/mathworks/cmlink/implementations/msscci/MSSCCILogger
instanceKlass com/mathworks/cmlink/implementations/msscci/NativeMSSCCIRegistryReader$SccProviderInstallRegEntry
instanceKlass com/mathworks/cmlink/implementations/msscci/NativeMSSCCIRegistryReader
instanceKlass com/mathworks/cmlink/implementations/msscci/MSSCCIRegistryReader
instanceKlass com/mathworks/cmlink/management/registration/MSSCCICMAdapterFactoryList
instanceKlass com/mathworks/cmlink/api/version/r14a/CMAdapterFactory
instanceKlass com/mathworks/cmlink/api/version/r16b/CMAdapterFactory
instanceKlass com/mathworks/cmlink/implementations/localcm/LocalCMAdapterFactory
instanceKlass org/eclipse/jgit/transport/Transport
instanceKlass org/eclipse/jgit/transport/PackTransport
instanceKlass org/eclipse/jgit/transport/WalkTransport
instanceKlass org/eclipse/jgit/lib/ObjectDatabase
instanceKlass org/eclipse/jgit/lib/Repository
instanceKlass org/eclipse/jgit/transport/PacketLineIn
instanceKlass org/eclipse/jgit/transport/PacketLineOut
instanceKlass org/eclipse/jgit/util/FS
instanceKlass org/eclipse/jgit/transport/CredentialsProvider
instanceKlass sun/security/util/ManifestEntryVerifier$SunProviderHolder
instanceKlass sun/nio/cs/Surrogate
instanceKlass sun/nio/cs/Surrogate$Parser
instanceKlass java/util/Base64$Encoder
instanceKlass java/util/Base64$Decoder
instanceKlass java/util/Base64
instanceKlass java/security/Timestamp
instanceKlass sun/security/timestamp/TimestampToken
instanceKlass java/security/cert/CertPath
instanceKlass sun/security/rsa/RSAPadding
instanceKlass sun/security/rsa/RSACore
instanceKlass java/security/interfaces/RSAPrivateCrtKey
instanceKlass sun/security/pkcs/PKCS8Key
instanceKlass java/security/interfaces/RSAPrivateKey
instanceKlass java/security/PrivateKey
instanceKlass sun/security/jca/ServiceId
instanceKlass java/security/SignatureSpi
instanceKlass javax/crypto/SecretKey
instanceKlass javax/security/auth/Destroyable
instanceKlass sun/security/util/Length
instanceKlass sun/security/util/KeyUtil
instanceKlass sun/text/normalizer/NormalizerBase$1
instanceKlass java/text/Normalizer
instanceKlass sun/security/x509/AVAKeyword
instanceKlass sun/security/util/ConstraintsParameters
instanceKlass sun/security/pkcs/PKCS9Attribute
instanceKlass sun/security/pkcs/PKCS9Attributes
instanceKlass sun/security/pkcs/SignerInfo
instanceKlass java/security/cert/PolicyQualifierInfo
instanceKlass sun/security/x509/CertificatePolicyId
instanceKlass sun/security/x509/PolicyInformation
instanceKlass sun/security/x509/DistributionPoint
instanceKlass sun/security/x509/DNSName
instanceKlass sun/security/x509/URIName
instanceKlass sun/security/x509/GeneralName
instanceKlass sun/security/x509/AccessDescription
instanceKlass sun/security/util/MemoryCache$CacheEntry
instanceKlass sun/security/x509/X509AttributeName
instanceKlass sun/security/x509/GeneralNames
instanceKlass sun/security/x509/KeyIdentifier
instanceKlass sun/security/x509/OIDMap$OIDInfo
instanceKlass sun/security/x509/PKIXExtensions
instanceKlass sun/security/x509/OIDMap
instanceKlass sun/security/x509/Extension
instanceKlass java/security/cert/Extension
instanceKlass sun/security/x509/CertificateExtensions
instanceKlass java/security/interfaces/RSAPublicKey
instanceKlass java/security/interfaces/RSAKey
instanceKlass java/security/spec/RSAPrivateKeySpec
instanceKlass java/security/spec/RSAPublicKeySpec
instanceKlass java/security/KeyFactorySpi
instanceKlass sun/security/rsa/SunRsaSignEntries
instanceKlass sun/security/jca/ProviderList$ServiceList$1
instanceKlass java/security/KeyFactory
instanceKlass java/security/spec/EncodedKeySpec
instanceKlass java/security/spec/KeySpec
instanceKlass sun/security/util/BitArray
instanceKlass sun/security/x509/X509Key
instanceKlass java/security/PublicKey
instanceKlass java/security/Key
instanceKlass sun/security/x509/CertificateX509Key
instanceKlass sun/security/x509/CertificateValidity
instanceKlass sun/security/x509/AVA
instanceKlass sun/security/x509/RDN
instanceKlass javax/security/auth/x500/X500Principal
instanceKlass sun/security/x509/X500Name$1
instanceKlass sun/security/x509/X500Name
instanceKlass sun/security/x509/GeneralNameInterface
instanceKlass sun/security/x509/CertificateAlgorithmId
instanceKlass sun/security/x509/SerialNumber
instanceKlass sun/security/x509/CertificateSerialNumber
instanceKlass sun/security/x509/CertificateVersion
instanceKlass javax/swing/CompareTabOrderComparator
instanceKlass sun/security/x509/X509CertInfo
instanceKlass sun/security/x509/CertAttrSet
instanceKlass sun/security/util/Cache$EqualByteArray
instanceKlass java/security/cert/X509Extension
instanceKlass sun/security/util/Cache
instanceKlass java/security/cert/CertificateFactorySpi
instanceKlass java/security/cert/CertificateFactory
instanceKlass sun/security/x509/AlgorithmId
instanceKlass sun/security/util/ByteArrayTagOrder
instanceKlass sun/security/util/ByteArrayLexOrder
instanceKlass sun/security/util/DerEncoder
instanceKlass sun/security/util/DerValue
instanceKlass sun/security/util/ObjectIdentifier
instanceKlass sun/security/pkcs/ContentInfo
instanceKlass sun/security/util/DerIndefLenConverter
instanceKlass sun/security/util/DerInputStream
instanceKlass sun/security/pkcs/PKCS7
instanceKlass sun/security/util/ManifestDigester$Section
instanceKlass sun/security/util/ManifestDigester$Entry
instanceKlass sun/security/util/ManifestDigester$Position
instanceKlass sun/security/util/ManifestDigester
instanceKlass com/mathworks/cmlink/implementations/git/GitAdapterFactory
instanceKlass com/mathworks/toolbox/cmlinkutils/reflection/DepthAwareCaller
instanceKlass com/mathworks/toolbox/cmlinkutils/reflection/Caller
instanceKlass com/mathworks/cmlink/util/adapter/wrappers/CMAdapterCaller
instanceKlass com/mathworks/cmlink/implementations/svnintegration/SVNAdapterFactory
instanceKlass com/mathworks/cmlink/api/StatusListener
instanceKlass com/mathworks/cmlink/util/adapter/wrappers/DefaultMethodInvocation
instanceKlass com/mathworks/cmlink/util/adapter/wrappers/CMAdapterFactoryWrapper
instanceKlass org/tmatesoft/svn/core/wc/DefaultSVNRepositoryPool$TimeoutTask
instanceKlass org/tmatesoft/svn/core/wc/DefaultSVNRepositoryPool$DaemonThreadFactory
instanceKlass org/tmatesoft/svn/core/wc/DefaultSVNRepositoryPool
instanceKlass org/tmatesoft/svn/core/io/ISVNConnectionListener
instanceKlass org/tmatesoft/svn/core/io/ISVNSession
instanceKlass org/tmatesoft/svn/core/wc/admin/SVNAdminBasicClient
instanceKlass org/tmatesoft/svn/core/wc/ISVNEventHandler
instanceKlass org/tmatesoft/svn/core/wc/SVNBasicClient
instanceKlass org/tmatesoft/svn/core/wc/SVNClientManager
instanceKlass org/tmatesoft/svn/core/wc/ISVNRepositoryPool
instanceKlass org/tmatesoft/svn/core/internal/wc/DefaultSVNPersistentAuthenticationProvider$SimplePasswordStorage
instanceKlass org/tmatesoft/svn/core/internal/util/jna/SVNGnomeKeyring$3
instanceKlass org/tmatesoft/svn/core/internal/util/jna/SVNGnomeKeyring$2
instanceKlass org/tmatesoft/svn/core/internal/util/jna/SVNGnomeKeyring$1
instanceKlass org/tmatesoft/svn/core/internal/util/jna/ISVNGnomeKeyringLibrary$GnomeKeyringOperationGetStringCallback
instanceKlass org/tmatesoft/svn/core/internal/util/jna/ISVNGnomeKeyringLibrary$GnomeKeyringOperationGetKeyringInfoCallback
instanceKlass org/tmatesoft/svn/core/internal/util/jna/ISVNGnomeKeyringLibrary$GnomeKeyringOperationDoneCallback
instanceKlass org/tmatesoft/svn/core/internal/util/jna/SVNGnomeKeyring
instanceKlass org/tmatesoft/svn/core/internal/util/jna/SVNMacOsKeychain
instanceKlass org/tmatesoft/svn/core/internal/wc/DefaultSVNPersistentAuthenticationProvider$WinCryptPasswordStorage
instanceKlass org/tmatesoft/svn/core/internal/wc/DefaultSVNPersistentAuthenticationProvider$IPasswordStorage
instanceKlass org/tmatesoft/svn/core/internal/util/jna/SVNWinCrypt
instanceKlass org/tmatesoft/svn/core/internal/wc/ISVNHostOptions
instanceKlass org/tmatesoft/svn/core/internal/wc/DefaultSVNHostOptionsProvider
instanceKlass org/tmatesoft/svn/core/internal/wc/DefaultSVNPersistentAuthenticationProvider
instanceKlass org/tmatesoft/svn/core/internal/wc/ISVNPersistentAuthenticationProvider
instanceKlass org/tmatesoft/svn/core/internal/wc/DefaultSVNAuthenticationManager$1
instanceKlass org/tmatesoft/svn/core/internal/wc/DefaultSVNAuthenticationManager$CacheAuthenticationProvider
instanceKlass org/tmatesoft/svn/core/internal/wc/DefaultSVNAuthenticationManager$DumbAuthenticationProvider
instanceKlass org/tmatesoft/svn/core/internal/wc/ISVNHostOptionsProvider
instanceKlass org/tmatesoft/svn/core/internal/wc/ISVNAuthenticationStorage
instanceKlass org/tmatesoft/svn/core/internal/wc/ISVNAuthenticationStorageOptions
instanceKlass org/tmatesoft/svn/core/auth/ISVNAuthenticationProvider
instanceKlass org/tmatesoft/svn/core/auth/SVNAuthentication
instanceKlass javax/net/ssl/TrustManager
instanceKlass org/tmatesoft/svn/core/auth/ISVNProxyManager
instanceKlass org/tmatesoft/svn/core/internal/wc/DefaultSVNAuthenticationManager
instanceKlass org/tmatesoft/svn/core/auth/ISVNSSHHostVerifier
instanceKlass org/tmatesoft/svn/core/internal/wc/ISVNSSLPasspharsePromptSupport
instanceKlass sun/awt/image/OffScreenImageSource
instanceKlass sun/swing/ImageCache$Entry
instanceKlass com/sun/java/swing/plaf/windows/AnimationController
instanceKlass com/sun/java/swing/plaf/windows/WindowsButtonUI$1
instanceKlass org/tmatesoft/svn/core/internal/wc/SVNCompositeConfigFile
instanceKlass org/tmatesoft/svn/core/internal/wc/SVNConfigFile
instanceKlass java/awt/geom/RectIterator
instanceKlass java/awt/GradientPaintContext
instanceKlass java/awt/geom/RoundRectIterator
instanceKlass java/awt/geom/PathIterator
instanceKlass sun/java2d/pipe/ShapeSpanIterator
instanceKlass sun/awt/geom/PathConsumer2D
instanceKlass sun/java2d/pipe/SpanIterator
instanceKlass org/tmatesoft/svn/core/wc/ISVNMerger
instanceKlass org/tmatesoft/svn/core/internal/wc/DefaultSVNOptions
instanceKlass org/tmatesoft/svn/core/wc/ISVNMergerFactory
instanceKlass java/awt/PointerInfo
instanceKlass sun/awt/DefaultMouseInfoPeer
instanceKlass java/awt/peer/MouseInfoPeer
instanceKlass com/sun/jna/Structure$ByReference
instanceKlass com/sun/jna/Function$PostCallRead
instanceKlass java/lang/reflect/AnnotatedType
instanceKlass com/sun/jna/Library$Handler$FunctionInfo
instanceKlass com/sun/jna/WeakIdentityHashMap
instanceKlass com/sun/jna/Structure$StructField
instanceKlass com/sun/jna/Structure$LayoutInfo
instanceKlass com/sun/jna/NativeMappedConverter
instanceKlass com/sun/jna/TypeConverter
instanceKlass java/awt/PrintGraphics
instanceKlass java/awt/print/PrinterGraphics
instanceKlass com/mathworks/mwswing/GraphicsUtils
instanceKlass java/lang/reflect/Proxy$1
instanceKlass com/sun/jna/FunctionMapper
instanceKlass com/sun/jna/NativeLibrary
instanceKlass com/sun/jna/Library$Handler
instanceKlass com/sun/jna/Native$7
instanceKlass com/sun/jna/Native$2
instanceKlass com/sun/jna/Structure$FFIType$FFITypes
instanceKlass com/sun/jna/Native$ffi_callback
instanceKlass com/sun/jna/PointerType
instanceKlass com/sun/jna/NativeMapped
instanceKlass com/sun/jna/WString
instanceKlass com/sun/jna/CallbackProxy
instanceKlass com/sun/jna/Callback
instanceKlass com/sun/jna/Structure$ByValue
instanceKlass com/sun/jna/FromNativeContext
instanceKlass com/sun/jna/FromNativeConverter
instanceKlass com/sun/jna/ToNativeConverter
instanceKlass com/sun/jna/ToNativeContext
instanceKlass com/sun/jna/Structure
instanceKlass com/sun/jna/Pointer
instanceKlass sun/java2d/opengl/OGLGraphicsConfig
instanceKlass sun/java2d/pipe/hw/AccelGraphicsConfig
instanceKlass sun/java2d/pipe/hw/BufferedContextProvider
instanceKlass sun/awt/SunGraphicsCallback
instanceKlass javax/swing/RepaintManager$4
instanceKlass javax/swing/RepaintManager$2$1
instanceKlass javax/swing/RepaintManager$3
instanceKlass com/sun/jna/Platform
instanceKlass com/sun/jna/Native$5
instanceKlass com/sun/jna/Native$1
instanceKlass com/sun/jna/Callback$UncaughtExceptionHandler
instanceKlass com/sun/jna/Native
instanceKlass com/sun/jna/Version
instanceKlass org/tmatesoft/svn/core/internal/util/jna/ISVNMacOsCFLibrary
instanceKlass org/tmatesoft/svn/core/internal/util/jna/ISVNMacOsSecurityLibrary
instanceKlass org/tmatesoft/svn/core/internal/util/jna/ISVNGLibrary
instanceKlass org/tmatesoft/svn/core/internal/util/jna/ISVNGnomeKeyringLibrary
instanceKlass org/tmatesoft/svn/core/internal/util/jna/ISVNCLibrary
instanceKlass org/tmatesoft/svn/core/internal/util/jna/ISVNWin32Library
instanceKlass org/tmatesoft/svn/core/internal/util/jna/ISVNSecurityLibrary
instanceKlass org/tmatesoft/svn/core/internal/util/jna/ISVNKernel32Library
instanceKlass org/tmatesoft/svn/core/internal/util/jna/ISVNWinCryptLibrary
instanceKlass com/sun/jna/win32/StdCallLibrary
instanceKlass com/sun/jna/win32/StdCall
instanceKlass com/sun/jna/AltCallingConvention
instanceKlass org/tmatesoft/svn/core/internal/util/jna/JNALibraryLoader
instanceKlass org/tmatesoft/svn/core/internal/util/jna/SVNWin32Util
instanceKlass org/tmatesoft/svn/util/SVNLogType
instanceKlass com/sun/jna/Library
instanceKlass com/mathworks/mde/editor/plugins/matlab/ErrorHandlingRunMenu$$Lambda$26
instanceKlass org/tmatesoft/svn/core/internal/util/jna/SVNJNAUtil
instanceKlass org/tmatesoft/svn/core/auth/ISVNAuthenticationManager
instanceKlass org/tmatesoft/svn/core/wc/SVNWCUtil
instanceKlass java/lang/invoke/LambdaForm$DMH
instanceKlass org/tmatesoft/svn/core/wc/ISVNOptions
instanceKlass org/tmatesoft/svn/core/io/ISVNTunnelProvider
instanceKlass com/mathworks/cmlink/implementations/svnkitintegration/ClientManagerContainer$AuthenticatingClientManager
instanceKlass com/mathworks/cmlink/implementations/svnkitintegration/ClientManagerContainer
instanceKlass com/mathworks/cmlink/implementations/svnkitintegration/SVNKitCanceller
instanceKlass org/tmatesoft/svn/core/internal/io/dav/http/IHTTPConnection
instanceKlass org/tmatesoft/svn/core/internal/io/dav/http/IHTTPConnectionFactory$1
instanceKlass org/tmatesoft/svn/core/internal/io/dav/http/IHTTPConnectionFactory
instanceKlass org/tmatesoft/svn/core/internal/io/svn/ISVNConnector
instanceKlass org/tmatesoft/svn/core/internal/io/svn/ISVNConnectorFactory$1
instanceKlass org/tmatesoft/svn/core/internal/io/svn/ISVNConnectorFactory
instanceKlass org/tmatesoft/svn/core/internal/util/SVNHashMap$TableEntry
instanceKlass org/tmatesoft/svn/core/internal/util/SVNHashMap
instanceKlass org/tmatesoft/svn/core/io/ISVNReporter
instanceKlass org/tmatesoft/svn/core/io/SVNRepository
instanceKlass org/tmatesoft/svn/core/io/SVNRepositoryFactory
instanceKlass com/mathworks/util/Disposable$Parent
instanceKlass com/mathworks/cmlink/implementations/svnkitintegration/NoUpgradeSVNAdminFactorySelector
instanceKlass org/tmatesoft/svn/core/internal/wc/admin/SVNAdminArea
instanceKlass com/mathworks/mde/liveeditor/widget/rtc/RichTextComponent$4
instanceKlass java/time/Instant
instanceKlass java/time/temporal/TemporalAdjuster
instanceKlass com/mathworks/mde/liveeditor/ActionManager$7$1
instanceKlass java/time/temporal/Temporal
instanceKlass java/time/temporal/TemporalAccessor
instanceKlass java/nio/file/FileStore
instanceKlass java/nio/file/attribute/UserPrincipal
instanceKlass java/util/function/BiPredicate
instanceKlass org/tmatesoft/svn/core/internal/wc/SVNFileUtil
instanceKlass com/mathworks/mde/liveeditor/ActionManager$7$2
instanceKlass org/tmatesoft/svn/core/internal/wc/SVNClassLoader
instanceKlass org/tmatesoft/svn/core/internal/wc/admin/SVNAdminAreaFactory$DefaultSelector
instanceKlass org/tmatesoft/svn/core/internal/wc/admin/SVNAdminAreaFactory
instanceKlass org/tmatesoft/svn/util/SVNDebugLog
instanceKlass org/tmatesoft/svn/util/SVNDebugLogAdapter
instanceKlass com/mathworks/toolbox/cmlinkutils/preferences/BooleanMapUtil
instanceKlass org/tmatesoft/svn/util/ISVNDebugLog
instanceKlass com/mathworks/mde/liveeditor/figure/LiveEditorFigureToolSetFactory$3
instanceKlass com/mathworks/cmlink/implementations/svnkitintegration/logging/SVNKitLogFactory
instanceKlass org/tmatesoft/svn/core/internal/wc/admin/ISVNAdminAreaFactorySelector
instanceKlass com/mathworks/cmlink/api/CMAdapter
instanceKlass com/mathworks/cmlink/api/CMRepository
instanceKlass com/mathworks/cmlink/api/CMInteractor
instanceKlass com/mathworks/cmlink/implementations/svnkitintegration/SVNKitAdapterFactory
instanceKlass com/mathworks/cmlink/api/CMAdapterFactory
instanceKlass com/mathworks/cmlink/util/internalapi/InternalCMRepository
instanceKlass com/mathworks/cmlink/util/internalapi/WithID
instanceKlass com/mathworks/cmlink/util/internalapi/Prioritized
instanceKlass com/mathworks/cmlink/implementations/svnkitintegration/Cancellable
instanceKlass org/tmatesoft/svn/core/ISVNCanceller
instanceKlass com/mathworks/cmlink/implementations/svnkitintegration/BuiltInSVNAdapterFactory
instanceKlass com/mathworks/cmlink/util/adapter/wrappers/r11b/R11bToInternalCMAdapterFactoryConverter
instanceKlass com/mathworks/cmlink/util/adapter/wrappers/r14a/R14aToInternalCMAdapterFactoryConverter
instanceKlass com/mathworks/cmlink/util/adapter/wrappers/r16b/R16bToInternalCMAdapterFactoryConverter
instanceKlass com/mathworks/cmlink/util/adapter/wrappers/InternalCMAdapterFactoryConverter
instanceKlass com/mathworks/cmlink/management/registration/OsgiCMAdapterFactoryList
instanceKlass com/mathworks/cmlink/management/registration/CMAdapterFactoryList
instanceKlass com/mathworks/cmlink/management/registration/SingletonCMAdapterFactoryList
instanceKlass com/mathworks/cmlink/management/pool/shared/aggregators/AggregatingTerminator$1
instanceKlass com/mathworks/cmlink/management/pool/shared/CMMonitorDispatcher
instanceKlass com/mathworks/cmlink/management/pool/shared/aggregators/AggregatingExceptionHandler
instanceKlass com/mathworks/cmlink/management/pool/shared/aggregators/AggregatingStatusBroadcaster
instanceKlass com/mathworks/util/collections/CopyOnWriteList
instanceKlass com/mathworks/cmlink/management/pool/shared/aggregators/AggregatingProgressIndicator
instanceKlass com/mathworks/cmlink/management/pool/shared/SharedInteractor
instanceKlass com/mathworks/cmlink/api/TerminationListener
instanceKlass com/mathworks/cmlink/management/pool/shared/CMProcessTerminator
instanceKlass com/mathworks/cmlink/management/pool/AutoRefreshedRecord
instanceKlass com/mathworks/cmlink/management/pool/shared/CMStatusCacheExecutor$1
instanceKlass java/util/concurrent/SynchronousQueue$TransferStack$SNode
instanceKlass java/util/concurrent/SynchronousQueue$Transferer
instanceKlass com/mathworks/toolbox/shared/computils/threads/CountingThreadFactory
instanceKlass com/mathworks/toolbox/shared/computils/threads/WrappingExecutorService
instanceKlass com/mathworks/cmlink/management/pool/shared/CMStatusCacheExecutor
instanceKlass com/mathworks/toolbox/cmlinkutils/preferences/PreferenceManager
instanceKlass com/mathworks/cmlink/management/cache/CmStatusCache
instanceKlass com/mathworks/cmlink/management/cache/CmStatusCacheQueries
instanceKlass com/mathworks/cmlink/management/cache/RootSearchingCmStatusCacheFactory
instanceKlass com/mathworks/cmlink/management/pool/adapter/PrefBackedAdapterFactoryProvider
instanceKlass com/mathworks/cmlink/util/adapter/transformer/MutableTransformableCMAdapterFactoryProvider$NullAdapterTransformer
instanceKlass com/mathworks/cmlink/util/adapter/transformer/AdapterTransformer
instanceKlass com/mathworks/cmlink/util/adapter/CMAdapterFactoryProviderDecorator
instanceKlass com/mathworks/cmlink/management/pool/PooledCmStatusCacheEntry
instanceKlass com/mathworks/cmlink/management/pool/PooledCmStatusCacheProvider
instanceKlass com/mathworks/cmlink/util/adapter/CMAdapterFactoryProvider
instanceKlass com/mathworks/cmlink/management/pool/CmStatusCacheProvider
instanceKlass com/mathworks/cmlink/management/pool/shared/SingletonPooledCmStatusCacheProvider
instanceKlass sun/text/normalizer/ReplaceableString
instanceKlass sun/text/normalizer/Replaceable
instanceKlass sun/text/normalizer/UCharacterIterator
instanceKlass sun/text/normalizer/NormalizerBase$QuickCheckResult
instanceKlass sun/text/normalizer/NormalizerBase
instanceKlass sun/text/normalizer/NormalizerBase$Mode
instanceKlass sun/text/CollatorUtilities
instanceKlass java/text/CollationElementIterator
instanceKlass sun/text/normalizer/UTF16
instanceKlass sun/text/ComposedCharIter
instanceKlass java/text/EntryPair
instanceKlass java/text/PatternEntry
instanceKlass java/text/PatternEntry$Parser
instanceKlass java/text/MergeCollation
instanceKlass sun/text/normalizer/NormalizerImpl$DecomposeArgs
instanceKlass sun/text/normalizer/UnicodeSet
instanceKlass sun/text/normalizer/UnicodeMatcher
instanceKlass sun/text/normalizer/CharTrie$FriendAgent
instanceKlass sun/text/normalizer/Trie
instanceKlass sun/text/normalizer/NormalizerImpl$AuxTrieImpl
instanceKlass sun/text/normalizer/NormalizerImpl$NormTrieImpl
instanceKlass sun/text/normalizer/NormalizerImpl$FCDTrieImpl
instanceKlass sun/text/normalizer/Trie$DataManipulate
instanceKlass sun/text/normalizer/ICUBinary
instanceKlass sun/text/normalizer/NormalizerDataReader
instanceKlass sun/text/normalizer/ICUBinary$Authenticate
instanceKlass sun/text/normalizer/ICUData
instanceKlass sun/text/normalizer/NormalizerImpl
instanceKlass sun/text/UCompactIntArray
instanceKlass sun/text/IntHashtable
instanceKlass java/text/RBCollationTables$BuildAPI
instanceKlass java/text/RBTableBuilder
instanceKlass java/text/RBCollationTables
instanceKlass java/text/Collator
instanceKlass com/mathworks/fileutils/UIFileUtils$NameTokenizer
instanceKlass com/mathworks/fileutils/UIFileUtils
instanceKlass com/mathworks/mlwidgets/explorer/model/table/PathAffordance$4
instanceKlass com/mathworks/mlwidgets/explorer/model/table/PathAffordance$5
instanceKlass com/mathworks/mlwidgets/explorer/model/table/PathAffordance$3
instanceKlass com/mathworks/mlwidgets/explorer/model/table/PathAffordance$GrayedOutStyle
instanceKlass com/mathworks/mde/explorer/Explorer$PathAffordanceAdapter$1$1
instanceKlass com/mathworks/widgets/grouptable/ColorStyle
instanceKlass com/mathworks/mlwidgets/explorer/model/table/PathAffordance
instanceKlass com/mathworks/widgets/grouptable/GroupingTableRow$1
instanceKlass com/mathworks/widgets/grouptable/GroupingTableTransaction$2
instanceKlass javax/swing/JTable$AccessibleJTable$AccessibleJTableModelChange
instanceKlass javax/accessibility/AccessibleTableModelChange
instanceKlass com/mathworks/widgets/grouptable/RowComparator
instanceKlass com/mathworks/widgets/grouptable/OldAscendingSortComparator
instanceKlass com/mathworks/widgets/grouptable/AscendingSortComparator
instanceKlass com/mathworks/mlwidgets/explorer/model/editorfs/EditorFileSystem$1$1
instanceKlass com/mathworks/jmi/AWTUtilities$WatchedRunnable
instanceKlass com/mathworks/jmi/AWTUtilities$WatchDog
instanceKlass com/mathworks/jmi/AWTUtilities$Latch
instanceKlass com/mathworks/jmi/AWTUtilities
instanceKlass com/mathworks/mde/editor/MatlabEditorApplication$3
instanceKlass com/mathworks/mde/editor/codepad/CodepadActionManager$1
instanceKlass com/mathworks/mde/editor/codepad/CodepadAction
instanceKlass com/mathworks/mde/editor/codepad/CodepadActionManager
instanceKlass com/mathworks/mwswing/MJScrollPane$1
instanceKlass com/mathworks/hg/peer/DebugUtilities$Logger$MyActionListener
instanceKlass com/mathworks/hg/peer/DebugUtilities$Logger
instanceKlass com/mathworks/pathdataservice/PathDataService$5
instanceKlass java/awt/EventQueue$4
instanceKlass com/mathworks/mlwidgets/shortcuts/ShortcutsToolstripTabFactory$1
instanceKlass com/mathworks/mlwidgets/shortcuts/ShortcutsToolstripTabFactory
instanceKlass com/mathworks/mlwidgets/favoritecommands/FavoriteCommands$FavoriteActionsProvider
instanceKlass com/mathworks/mlwidgets/favoritecommands/FavoriteCommands$CategoryActionsProvider
instanceKlass com/mathworks/mde/cmdhist/AltHistory$17$1
instanceKlass com/mathworks/mlwidgets/favoritecommands/FavoriteCommands$FavoriteMenuContributor
instanceKlass com/mathworks/widgets/text/STPViewModificationInterface
instanceKlass com/mathworks/matlab/api/debug/ViewProviderKey
instanceKlass com/mathworks/mlwidgets/favoritecommands/FavoriteCommandToolSet$FavoriteToolTipContentProvider
instanceKlass com/mathworks/toolstrip/factory/TSRegistry$1
instanceKlass com/mathworks/mde/desk/MLDesktop$7
instanceKlass com/mathworks/mde/desk/MLDesktop$9
instanceKlass com/mathworks/mde/desk/MLDesktop$6
instanceKlass sun/util/locale/InternalLocaleBuilder$CaseInsensitiveChar
instanceKlass sun/util/locale/InternalLocaleBuilder
instanceKlass sun/util/locale/StringTokenIterator
instanceKlass sun/util/locale/ParseStatus
instanceKlass sun/awt/im/InputMethodAdapter
instanceKlass java/awt/im/spi/InputMethod
instanceKlass java/awt/im/spi/InputMethodContext
instanceKlass java/awt/im/InputMethodRequests
instanceKlass java/awt/im/InputContext
instanceKlass com/mathworks/toolstrip/factory/ContextTargetingManager$RestoreData
instanceKlass com/mathworks/mwswing/JEditorPaneHyperlinkHandler$7
instanceKlass com/mathworks/mde/liveeditor/LiveEditorTabManager$1
instanceKlass javax/swing/SwingHeavyWeight
instanceKlass java/awt/SequencedEvent$1
instanceKlass sun/awt/AWTAccessor$SequencedEventAccessor
instanceKlass java/awt/SplashScreen
instanceKlass java/text/BreakIterator
instanceKlass javax/swing/text/GlyphView$GlyphPainter
instanceKlass com/jgoodies/forms/util/DefaultUnitConverter$DialogBaseUnits
instanceKlass com/jgoodies/forms/util/AbstractUnitConverter
instanceKlass sun/awt/GlobalCursorManager$NativeUpdater
instanceKlass sun/awt/GlobalCursorManager
instanceKlass com/mathworks/toolstrip/impl/ToolstripSectionComponentWithHeader$1
instanceKlass com/mathworks/toolstrip/plaf/SplitButtonUI$Layout
instanceKlass com/mathworks/toolstrip/plaf/ToolstripTabLayout$1
instanceKlass com/google/common/collect/Iterators$2
instanceKlass com/google/common/collect/PeekingIterator
instanceKlass com/google/common/collect/Iterators
instanceKlass com/mathworks/toolstrip/plaf/ToolstripTabLayout$Section
instanceKlass com/mathworks/toolstrip/plaf/ToolstripHeaderUI$HeaderLayout$Sizes
instanceKlass javax/swing/SizeRequirements
instanceKlass com/mathworks/jmi/NativeWindows
instanceKlass com/sun/java/swing/plaf/windows/WindowsMenuItemUI$1
instanceKlass java/awt/BufferCapabilities
instanceKlass java/awt/AttributeValue
instanceKlass com/mathworks/toolbox/matlab/matlabwindowjava/CEFWebComponent$BrowserLoader$2
instanceKlass com/mathworks/toolstrip/plaf/ToolstripHeaderUI$2
instanceKlass com/mathworks/toolstrip/plaf/ToolstripHeaderUI$MyFocusListener
instanceKlass com/mathworks/toolstrip/plaf/ToolstripHeaderUI$MyMouseListener
instanceKlass com/mathworks/toolstrip/plaf/ToolstripHeaderUI$MyKeyListener
instanceKlass com/mathworks/desktop/mnemonics/MnemonicsManagerImpl$RootProvider
instanceKlass com/mathworks/util/event/EventUtils
instanceKlass com/mathworks/util/event/AbstractInputEventsDispatcher$1
instanceKlass com/mathworks/desktop/mnemonics/MnemonicsManagerImpl$MnemonicEventListener
instanceKlass com/google/common/collect/Sets
instanceKlass com/mathworks/desktop/mnemonics/MnemonicsManagers$DefaultFactory$1
instanceKlass java/awt/event/MouseEvent$1
instanceKlass sun/awt/AWTAccessor$MouseEventAccessor
instanceKlass com/mathworks/util/event/AbstractInputEventsDispatcher
instanceKlass com/mathworks/desktop/mnemonics/MnemonicsManagerImpl$Collector
instanceKlass com/mathworks/util/async/Callback
instanceKlass com/mathworks/desktop/mnemonics/MnemonicsManagerImpl
instanceKlass com/mathworks/desktop/mnemonics/MnemonicsManager
instanceKlass com/mathworks/desktop/mnemonics/MnemonicsManagers$KeyboardFocusProvider
instanceKlass com/mathworks/desktop/mnemonics/MnemonicsManagers$DefaultFactory
instanceKlass com/mathworks/desktop/mnemonics/MnemonicsManagers$MnemonicsManagerFactory
instanceKlass com/mathworks/desktop/mnemonics/MnemonicsManagers
instanceKlass sun/awt/NullComponentPeer
instanceKlass java/awt/peer/LightweightPeer
instanceKlass sun/awt/im/ExecutableInputMethodManager$3
instanceKlass sun/awt/im/InputMethodLocator
instanceKlass sun/awt/windows/WInputMethodDescriptor
instanceKlass java/awt/im/spi/InputMethodDescriptor
instanceKlass sun/awt/im/InputMethodManager
instanceKlass sun/awt/FontConfiguration$2
instanceKlass sun/awt/NativeLibLoader$1
instanceKlass sun/awt/NativeLibLoader
instanceKlass sun/awt/PlatformFont
instanceKlass java/awt/peer/FontPeer
instanceKlass sun/awt/windows/WColor
instanceKlass sun/java2d/StateTracker$2
instanceKlass sun/java2d/StateTracker$1
instanceKlass sun/java2d/StateTracker
instanceKlass sun/java2d/SurfaceDataProxy
instanceKlass sun/awt/image/SurfaceManager$FlushableCacheData
instanceKlass sun/java2d/windows/GDIRenderer
instanceKlass sun/java2d/ScreenUpdateManager
instanceKlass javax/swing/RepaintManager$2
instanceKlass sun/awt/windows/WComponentPeer$2
instanceKlass sun/awt/im/InputMethodWindow
instanceKlass sun/awt/ExtendedKeyCodes
instanceKlass sun/awt/RepaintArea
instanceKlass sun/awt/windows/WWindowPeer$GuiDisposedListener
instanceKlass sun/awt/windows/WWindowPeer$ActiveWindowListener
instanceKlass java/awt/peer/CanvasPeer
instanceKlass java/awt/peer/PanelPeer
instanceKlass java/awt/peer/FramePeer
instanceKlass java/awt/peer/WindowPeer
instanceKlass java/awt/peer/ContainerPeer
instanceKlass com/mathworks/ddux/UIEventLog
instanceKlass com/mathworks/mde/desk/DDUXLoggerBridge
instanceKlass com/mathworks/mwswing/UIEventLogger$Implementation
instanceKlass com/mathworks/mde/liveeditor/LiveEditorTabManager$9
instanceKlass com/mathworks/mde/liveeditor/LiveEditorStatusBar$2
instanceKlass com/mathworks/mde/liveeditor/LiveEditorStatusBar$3
instanceKlass com/mathworks/mde/liveeditor/LiveEditorStatusBar$6
instanceKlass com/mathworks/mde/liveeditor/LiveEditorStatusBar$5
instanceKlass com/mathworks/mde/liveeditor/LiveEditorStatusBar$1
instanceKlass com/mathworks/toolstrip/factory/TSToolSetContents$1
instanceKlass com/mathworks/mde/liveeditor/LiveEditorTabManager$8
instanceKlass com/mathworks/mde/liveeditor/LiveEditorJavaActions$2
instanceKlass com/mathworks/mde/liveeditor/LiveEditorJavaActions$1
instanceKlass com/mathworks/mde/liveeditor/LiveEditorJavaActions
instanceKlass com/mathworks/mde/liveeditor/LiveEditorClient$ActionIdsRequest
instanceKlass com/mathworks/mde/liveeditor/LiveEditorClient$7
instanceKlass com/mathworks/mde/liveeditor/LiveEditorClient$9
instanceKlass com/mathworks/mde/editor/codepad/PublishMenu$2$1
instanceKlass com/mathworks/mvm/exec/MvmSwingWorker$1$1
instanceKlass com/mathworks/toolbox/shared/slreq/mleditor/ReqEditorToolstripContributor$ReqHighlighterPrefListener
instanceKlass com/mathworks/mde/liveeditor/LiveEditorViewToolSetFactory$3
instanceKlass com/mathworks/mde/editor/codepad/PublishMenu$2
instanceKlass com/mathworks/mde/editor/codepad/PublishMenu$4
instanceKlass com/mathworks/mde/editor/codepad/PublishMenu$3
instanceKlass com/mathworks/mde/editor/codepad/PublishMenu
instanceKlass com/mathworks/mde/liveeditor/LiveEditorToolstripTabFactory$1
instanceKlass com/mathworks/mde/liveeditor/LiveEditorToolSetFactory$3
instanceKlass com/mathworks/mde/liveeditor/LiveEditorToolSetFactory$5
instanceKlass com/mathworks/mde/editor/ProfilerButton$1
instanceKlass com/mathworks/mde/editor/ProfilerButton
instanceKlass com/mathworks/mde/editor/plugins/matlab/ErrorHandlingRunMenu$$Lambda$25
instanceKlass com/mathworks/mde/editor/plugins/matlab/ErrorHandlingRunMenu$$Lambda$24
instanceKlass com/mathworks/toolstrip/factory/TSFactory$ListListenerBridge
instanceKlass com/mathworks/mde/editor/plugins/matlab/RunMenu$15
instanceKlass com/mathworks/widgets/datamodel/StorageLocationUtils
instanceKlass org/netbeans/editor/Syntax$BaseStateInfo
instanceKlass com/mathworks/widgets/text/matlab/MatlabTokenInfo
instanceKlass com/mathworks/util/IntBuffer
instanceKlass com/mathworks/widgets/text/matlab/LexicalBuffer
instanceKlass com/mathworks/widgets/text/matlab/AbstractTokenManager
instanceKlass com/mathworks/widgets/text/matlab/MatlabTokenManager
instanceKlass org/netbeans/editor/Syntax$StateInfo
instanceKlass com/mathworks/widgets/text/matlab/MatlabState
instanceKlass com/mathworks/widgets/text/matlab/LexicalAccumulator
instanceKlass com/mathworks/widgets/text/mat